['INFO ]2023-09-09 22:37:07,207(yyyy-MM-ddHH:mm:ss.SSS][main]io.github.bonigarcia.wdm.WebDriverManager1)-Using chromedriver 116.0.5845.96 (resolved driver for Chrome 116)
['INFO ]2023-09-09 22:37:07,234(yyyy-MM-ddHH:mm:ss.SSS][main]io.github.bonigarcia.wdm.WebDriverManager1)-Reading https://chromedriver.storage.googleapis.com/ to seek chromedriver
['INFO ]2023-09-09 22:37:07,663(yyyy-MM-ddHH:mm:ss.SSS][main]io.github.bonigarcia.wdm.online.Downloader1)-Downloading https://edgedl.me.gvt1.com/edgedl/chrome/chrome-for-testing/116.0.5845.96/win64/chromedriver-win64.zip
['INFO ]2023-09-09 22:37:08,120(yyyy-MM-ddHH:mm:ss.SSS][main]io.github.bonigarcia.wdm.online.Downloader1)-Extracting driver from compressed file chromedriver-win64.zip
['INFO ]2023-09-09 22:37:08,213(yyyy-MM-ddHH:mm:ss.SSS][main]io.github.bonigarcia.wdm.WebDriverManager1)-Exporting webdriver.chrome.driver as C:\Users\indra\.cache\selenium\chromedriver\win64\116.0.5845.96\chromedriver.exe
['WARN ]2023-09-09 22:37:11,269(yyyy-MM-ddHH:mm:ss.SSS][AsyncHttpClient-1-4]org.asynchttpclient.netty.handler.WebSocketHandler1)-onError
java.net.SocketException: Connection reset
	at sun.nio.ch.SocketChannelImpl.throwConnectionReset(SocketChannelImpl.java:401) ~[?:?]
	at sun.nio.ch.SocketChannelImpl.read(SocketChannelImpl.java:434) ~[?:?]
	at io.netty.buffer.PooledByteBuf.setBytes(PooledByteBuf.java:256) ~[netty-buffer-4.1.92.Final.jar:4.1.92.Final]
	at io.netty.buffer.AbstractByteBuf.writeBytes(AbstractByteBuf.java:1132) ~[netty-buffer-4.1.92.Final.jar:4.1.92.Final]
	at io.netty.channel.socket.nio.NioSocketChannel.doReadBytes(NioSocketChannel.java:357) ~[netty-transport-4.1.92.Final.jar:4.1.92.Final]
	at io.netty.channel.nio.AbstractNioByteChannel$NioByteUnsafe.read(AbstractNioByteChannel.java:151) ~[netty-transport-4.1.92.Final.jar:4.1.92.Final]
	at io.netty.channel.nio.NioEventLoop.processSelectedKey(NioEventLoop.java:788) ~[netty-transport-4.1.92.Final.jar:4.1.92.Final]
	at io.netty.channel.nio.NioEventLoop.processSelectedKeysOptimized(NioEventLoop.java:724) ~[netty-transport-4.1.92.Final.jar:4.1.92.Final]
	at io.netty.channel.nio.NioEventLoop.processSelectedKeys(NioEventLoop.java:650) ~[netty-transport-4.1.92.Final.jar:4.1.92.Final]
	at io.netty.channel.nio.NioEventLoop.run(NioEventLoop.java:562) ~[netty-transport-4.1.92.Final.jar:4.1.92.Final]
	at io.netty.util.concurrent.SingleThreadEventExecutor$4.run(SingleThreadEventExecutor.java:997) ~[netty-common-4.1.92.Final.jar:4.1.92.Final]
	at io.netty.util.internal.ThreadExecutorMap$2.run(ThreadExecutorMap.java:74) ~[netty-common-4.1.92.Final.jar:4.1.92.Final]
	at io.netty.util.concurrent.FastThreadLocalRunnable.run(FastThreadLocalRunnable.java:30) ~[netty-common-4.1.92.Final.jar:4.1.92.Final]
	at java.lang.Thread.run(Thread.java:1623) [?:?]
['INFO ]2023-09-10 07:13:10,290(yyyy-MM-ddHH:mm:ss.SSS][main]io.github.bonigarcia.wdm.WebDriverManager1)-Using chromedriver 116.0.5845.96 (resolved driver for Chrome 116)
['INFO ]2023-09-10 07:13:10,308(yyyy-MM-ddHH:mm:ss.SSS][main]io.github.bonigarcia.wdm.WebDriverManager1)-Exporting webdriver.chrome.driver as C:\Users\indra\.cache\selenium\chromedriver\win64\116.0.5845.96\chromedriver.exe
['INFO ]2023-09-10 07:48:45,140(yyyy-MM-ddHH:mm:ss.SSS][main]io.github.bonigarcia.wdm.WebDriverManager1)-Using chromedriver 116.0.5845.96 (resolved driver for Chrome 116)
['INFO ]2023-09-10 07:48:45,165(yyyy-MM-ddHH:mm:ss.SSS][main]io.github.bonigarcia.wdm.WebDriverManager1)-Exporting webdriver.chrome.driver as C:\Users\indra\.cache\selenium\chromedriver\win64\116.0.5845.96\chromedriver.exe
['ERROR]2023-09-10 07:48:47,252(yyyy-MM-ddHH:mm:ss.SSS][main]Utilities.Loggerload1)-Steps Failed , Taking Screenshot
['ERROR]2023-09-10 07:48:47,795(yyyy-MM-ddHH:mm:ss.SSS][main]io.qameta.allure.AllureLifecycle1)-Could not add attachment: no test is running
['ERROR]2023-09-10 07:48:47,818(yyyy-MM-ddHH:mm:ss.SSS][main]Utilities.Loggerload1)-Steps Failed , Taking Screenshot
['ERROR]2023-09-10 07:48:48,082(yyyy-MM-ddHH:mm:ss.SSS][main]io.qameta.allure.AllureLifecycle1)-Could not add attachment: no test is running
['ERROR]2023-09-10 07:48:48,095(yyyy-MM-ddHH:mm:ss.SSS][main]Utilities.Loggerload1)-Steps Failed , Taking Screenshot
['ERROR]2023-09-10 07:48:48,388(yyyy-MM-ddHH:mm:ss.SSS][main]io.qameta.allure.AllureLifecycle1)-Could not add attachment: no test is running
['ERROR]2023-09-10 07:48:48,399(yyyy-MM-ddHH:mm:ss.SSS][main]Utilities.Loggerload1)-Steps Failed , Taking Screenshot
['ERROR]2023-09-10 07:48:48,653(yyyy-MM-ddHH:mm:ss.SSS][main]io.qameta.allure.AllureLifecycle1)-Could not add attachment: no test is running
['ERROR]2023-09-10 07:48:48,661(yyyy-MM-ddHH:mm:ss.SSS][main]Utilities.Loggerload1)-Steps Failed , Taking Screenshot
['ERROR]2023-09-10 07:48:48,889(yyyy-MM-ddHH:mm:ss.SSS][main]io.qameta.allure.AllureLifecycle1)-Could not add attachment: no test is running
['ERROR]2023-09-10 07:48:48,905(yyyy-MM-ddHH:mm:ss.SSS][main]Utilities.Loggerload1)-Steps Failed , Taking Screenshot
['ERROR]2023-09-10 07:48:49,122(yyyy-MM-ddHH:mm:ss.SSS][main]io.qameta.allure.AllureLifecycle1)-Could not add attachment: no test is running
['ERROR]2023-09-10 07:48:49,129(yyyy-MM-ddHH:mm:ss.SSS][main]Utilities.Loggerload1)-Steps Failed , Taking Screenshot
['ERROR]2023-09-10 07:48:49,330(yyyy-MM-ddHH:mm:ss.SSS][main]io.qameta.allure.AllureLifecycle1)-Could not add attachment: no test is running
['ERROR]2023-09-10 07:48:49,341(yyyy-MM-ddHH:mm:ss.SSS][main]Utilities.Loggerload1)-Steps Failed , Taking Screenshot
['ERROR]2023-09-10 07:48:49,540(yyyy-MM-ddHH:mm:ss.SSS][main]io.qameta.allure.AllureLifecycle1)-Could not add attachment: no test is running
['INFO ]2023-09-10 14:36:51,237(yyyy-MM-ddHH:mm:ss.SSS][main]org.testng.internal.Utils1)-[Utils] MethodGroupsHelper.collectMethodsByGroup() took 1 ms.
['INFO ]2023-09-10 14:36:51,245(yyyy-MM-ddHH:mm:ss.SSS][main]org.testng.internal.Utils1)-[Utils] MethodGroupsHelper.sortMethods() took 2 ms.
['INFO ]2023-09-10 14:36:51,247(yyyy-MM-ddHH:mm:ss.SSS][main]org.testng.internal.Utils1)-[Utils] MethodGroupsHelper.collectMethodsByGroup() took 0 ms.
['INFO ]2023-09-10 14:36:51,247(yyyy-MM-ddHH:mm:ss.SSS][main]org.testng.internal.Utils1)-[Utils] MethodGroupsHelper.sortMethods() took 0 ms.
['INFO ]2023-09-10 14:36:51,248(yyyy-MM-ddHH:mm:ss.SSS][main]org.testng.internal.Utils1)-[Utils] MethodGroupsHelper.collectMethodsByGroup() took 0 ms.
['INFO ]2023-09-10 14:36:51,248(yyyy-MM-ddHH:mm:ss.SSS][main]org.testng.internal.Utils1)-[Utils] MethodGroupsHelper.sortMethods() took 0 ms.
['INFO ]2023-09-10 14:36:51,250(yyyy-MM-ddHH:mm:ss.SSS][main]org.testng.internal.Utils1)-[Utils] MethodGroupsHelper.collectMethodsByGroup() took 0 ms.
['INFO ]2023-09-10 14:36:51,250(yyyy-MM-ddHH:mm:ss.SSS][main]org.testng.internal.Utils1)-[Utils] MethodGroupsHelper.sortMethods() took 0 ms.
['INFO ]2023-09-10 14:36:51,252(yyyy-MM-ddHH:mm:ss.SSS][main]org.testng.internal.Utils1)-[Utils] MethodGroupsHelper.collectMethodsByGroup() took 0 ms.
['INFO ]2023-09-10 14:36:51,266(yyyy-MM-ddHH:mm:ss.SSS][main]org.testng.internal.Utils1)-[Utils] MethodGroupsHelper.sortMethods() took 14 ms.
['INFO ]2023-09-10 14:36:51,269(yyyy-MM-ddHH:mm:ss.SSS][main]org.testng.internal.Utils1)-[Utils] MethodGroupsHelper.collectMethodsByGroup() took 1 ms.
['INFO ]2023-09-10 14:36:51,270(yyyy-MM-ddHH:mm:ss.SSS][main]org.testng.internal.Utils1)-[Utils] MethodGroupsHelper.sortMethods() took 0 ms.
['INFO ]2023-09-10 14:36:51,271(yyyy-MM-ddHH:mm:ss.SSS][main]org.testng.internal.Utils1)-[Utils] MethodGroupsHelper.collectMethodsByGroup() took 0 ms.
['INFO ]2023-09-10 14:36:51,272(yyyy-MM-ddHH:mm:ss.SSS][main]org.testng.internal.Utils1)-[Utils] MethodGroupsHelper.sortMethods() took 0 ms.
['INFO ]2023-09-10 14:36:51,272(yyyy-MM-ddHH:mm:ss.SSS][main]org.testng.internal.Utils1)-[Utils] MethodGroupsHelper.collectMethodsByGroup() took 0 ms.
['INFO ]2023-09-10 14:36:51,273(yyyy-MM-ddHH:mm:ss.SSS][main]org.testng.internal.Utils1)-[Utils] MethodGroupsHelper.sortMethods() took 0 ms.
['INFO ]2023-09-10 14:36:51,276(yyyy-MM-ddHH:mm:ss.SSS][main]org.testng.internal.Utils1)-[Utils] MethodGroupsHelper.collectMethodsByGroup() took 0 ms.
['INFO ]2023-09-10 14:36:51,278(yyyy-MM-ddHH:mm:ss.SSS][main]org.testng.internal.Utils1)-[Utils] MethodGroupsHelper.sortMethods() took 0 ms.
['INFO ]2023-09-10 14:36:51,279(yyyy-MM-ddHH:mm:ss.SSS][main]org.testng.internal.Utils1)-[Utils] MethodGroupsHelper.collectMethodsByGroup() took 0 ms.
['INFO ]2023-09-10 14:36:51,280(yyyy-MM-ddHH:mm:ss.SSS][main]org.testng.internal.Utils1)-[Utils] MethodGroupsHelper.sortMethods() took 0 ms.
['INFO ]2023-09-10 14:36:51,282(yyyy-MM-ddHH:mm:ss.SSS][main]org.testng.internal.Utils1)-[Utils] MethodGroupsHelper.collectMethodsByGroup() took 0 ms.
['INFO ]2023-09-10 14:36:51,282(yyyy-MM-ddHH:mm:ss.SSS][main]org.testng.internal.Utils1)-[Utils] MethodGroupsHelper.sortMethods() took 0 ms.
['INFO ]2023-09-10 14:36:51,283(yyyy-MM-ddHH:mm:ss.SSS][main]org.testng.internal.Utils1)-[Utils] MethodGroupsHelper.collectMethodsByGroup() took 0 ms.
['INFO ]2023-09-10 14:36:51,283(yyyy-MM-ddHH:mm:ss.SSS][main]org.testng.internal.Utils1)-[Utils] MethodGroupsHelper.sortMethods() took 0 ms.
['INFO ]2023-09-10 14:36:51,287(yyyy-MM-ddHH:mm:ss.SSS][main]org.testng.internal.Utils1)-[Utils] MethodGroupsHelper.collectMethodsByGroup() took 3 ms.
['INFO ]2023-09-10 14:36:51,288(yyyy-MM-ddHH:mm:ss.SSS][main]org.testng.internal.Utils1)-[Utils] MethodGroupsHelper.sortMethods() took 0 ms.
['INFO ]2023-09-10 14:36:51,290(yyyy-MM-ddHH:mm:ss.SSS][main]org.testng.internal.Utils1)-[Utils] MethodGroupsHelper.collectMethodsByGroup() took 0 ms.
['INFO ]2023-09-10 14:36:51,291(yyyy-MM-ddHH:mm:ss.SSS][main]org.testng.internal.Utils1)-[Utils] MethodGroupsHelper.sortMethods() took 0 ms.
['INFO ]2023-09-10 14:36:51,291(yyyy-MM-ddHH:mm:ss.SSS][main]org.testng.internal.Utils1)-[Utils] MethodGroupsHelper.collectMethodsByGroup() took 0 ms.
['INFO ]2023-09-10 14:36:51,292(yyyy-MM-ddHH:mm:ss.SSS][main]org.testng.internal.Utils1)-[Utils] MethodGroupsHelper.sortMethods() took 0 ms.
['INFO ]2023-09-10 14:36:51,306(yyyy-MM-ddHH:mm:ss.SSS][main]org.testng.internal.Utils1)-[TestNG] Running:
  C:\Users\indra\AppData\Local\Temp\testng-eclipse-1161084395\testng-customsuite.xml

['INFO ]2023-09-10 14:36:51,335(yyyy-MM-ddHH:mm:ss.SSS][main]org.testng.internal.Utils1)-[Utils] DynamicGraphHelper.createDynamicGraph() took 9 ms.
['INFO ]2023-09-10 14:36:53,995(yyyy-MM-ddHH:mm:ss.SSS][main]io.github.bonigarcia.wdm.WebDriverManager1)-Using chromedriver 116.0.5845.96 (resolved driver for Chrome 116)
['INFO ]2023-09-10 14:36:54,019(yyyy-MM-ddHH:mm:ss.SSS][main]io.github.bonigarcia.wdm.WebDriverManager1)-Exporting webdriver.chrome.driver as C:\Users\indra\.cache\selenium\chromedriver\win64\116.0.5845.96\chromedriver.exe
['ERROR]2023-09-10 14:36:56,642(yyyy-MM-ddHH:mm:ss.SSS][main]Utilities.Loggerload1)-Steps Failed , Taking Screenshot
['ERROR]2023-09-10 14:36:57,102(yyyy-MM-ddHH:mm:ss.SSS][main]Utilities.Loggerload1)-Steps Failed , Taking Screenshot
['ERROR]2023-09-10 14:36:57,463(yyyy-MM-ddHH:mm:ss.SSS][main]Utilities.Loggerload1)-Steps Failed , Taking Screenshot
['ERROR]2023-09-10 14:36:57,755(yyyy-MM-ddHH:mm:ss.SSS][main]Utilities.Loggerload1)-Steps Failed , Taking Screenshot
['ERROR]2023-09-10 14:36:58,114(yyyy-MM-ddHH:mm:ss.SSS][main]Utilities.Loggerload1)-Steps Failed , Taking Screenshot
['ERROR]2023-09-10 14:36:58,388(yyyy-MM-ddHH:mm:ss.SSS][main]Utilities.Loggerload1)-Steps Failed , Taking Screenshot
['ERROR]2023-09-10 14:36:58,675(yyyy-MM-ddHH:mm:ss.SSS][main]Utilities.Loggerload1)-Steps Failed , Taking Screenshot
['ERROR]2023-09-10 14:36:58,953(yyyy-MM-ddHH:mm:ss.SSS][main]Utilities.Loggerload1)-Steps Failed , Taking Screenshot
['ERROR]2023-09-10 14:36:59,186(yyyy-MM-ddHH:mm:ss.SSS][main]Utilities.Loggerload1)-Steps Failed , Taking Screenshot
['ERROR]2023-09-10 14:36:59,435(yyyy-MM-ddHH:mm:ss.SSS][main]Utilities.Loggerload1)-Steps Failed , Taking Screenshot
['ERROR]2023-09-10 14:36:59,731(yyyy-MM-ddHH:mm:ss.SSS][main]Utilities.Loggerload1)-Steps Failed , Taking Screenshot
['ERROR]2023-09-10 14:36:59,981(yyyy-MM-ddHH:mm:ss.SSS][main]Utilities.Loggerload1)-Steps Failed , Taking Screenshot
['ERROR]2023-09-10 14:37:00,284(yyyy-MM-ddHH:mm:ss.SSS][main]Utilities.Loggerload1)-Steps Failed , Taking Screenshot
['ERROR]2023-09-10 14:37:00,566(yyyy-MM-ddHH:mm:ss.SSS][main]Utilities.Loggerload1)-Steps Failed , Taking Screenshot
['ERROR]2023-09-10 14:37:01,013(yyyy-MM-ddHH:mm:ss.SSS][main]Utilities.Loggerload1)-Steps Failed , Taking Screenshot
['ERROR]2023-09-10 14:37:01,279(yyyy-MM-ddHH:mm:ss.SSS][main]Utilities.Loggerload1)-Steps Failed , Taking Screenshot
['ERROR]2023-09-10 14:37:05,130(yyyy-MM-ddHH:mm:ss.SSS][main]Utilities.Loggerload1)-Steps Failed , Taking Screenshot
['ERROR]2023-09-10 14:37:05,198(yyyy-MM-ddHH:mm:ss.SSS][main]Utilities.Loggerload1)-Steps Failed , Taking Screenshot
['ERROR]2023-09-10 14:37:05,226(yyyy-MM-ddHH:mm:ss.SSS][main]Utilities.Loggerload1)-Steps Failed , Taking Screenshot
['ERROR]2023-09-10 14:37:05,249(yyyy-MM-ddHH:mm:ss.SSS][main]Utilities.Loggerload1)-Steps Failed , Taking Screenshot
['ERROR]2023-09-10 14:37:05,274(yyyy-MM-ddHH:mm:ss.SSS][main]Utilities.Loggerload1)-Steps Failed , Taking Screenshot
['ERROR]2023-09-10 14:37:05,320(yyyy-MM-ddHH:mm:ss.SSS][main]Utilities.Loggerload1)-Steps Failed , Taking Screenshot
['ERROR]2023-09-10 14:37:05,348(yyyy-MM-ddHH:mm:ss.SSS][main]Utilities.Loggerload1)-Steps Failed , Taking Screenshot
['ERROR]2023-09-10 14:37:05,378(yyyy-MM-ddHH:mm:ss.SSS][main]Utilities.Loggerload1)-Steps Failed , Taking Screenshot
['ERROR]2023-09-10 14:37:05,451(yyyy-MM-ddHH:mm:ss.SSS][main]Utilities.Loggerload1)-Steps Failed , Taking Screenshot
['ERROR]2023-09-10 14:37:05,485(yyyy-MM-ddHH:mm:ss.SSS][main]Utilities.Loggerload1)-Steps Failed , Taking Screenshot
['ERROR]2023-09-10 14:37:05,513(yyyy-MM-ddHH:mm:ss.SSS][main]Utilities.Loggerload1)-Steps Failed , Taking Screenshot
['ERROR]2023-09-10 14:37:05,542(yyyy-MM-ddHH:mm:ss.SSS][main]Utilities.Loggerload1)-Steps Failed , Taking Screenshot
['ERROR]2023-09-10 14:37:05,576(yyyy-MM-ddHH:mm:ss.SSS][main]Utilities.Loggerload1)-Steps Failed , Taking Screenshot
['ERROR]2023-09-10 14:37:05,626(yyyy-MM-ddHH:mm:ss.SSS][main]Utilities.Loggerload1)-Steps Failed , Taking Screenshot
['ERROR]2023-09-10 14:37:05,685(yyyy-MM-ddHH:mm:ss.SSS][main]Utilities.Loggerload1)-Steps Failed , Taking Screenshot
['ERROR]2023-09-10 14:37:05,735(yyyy-MM-ddHH:mm:ss.SSS][main]Utilities.Loggerload1)-Steps Failed , Taking Screenshot
['ERROR]2023-09-10 14:37:05,762(yyyy-MM-ddHH:mm:ss.SSS][main]Utilities.Loggerload1)-Steps Failed , Taking Screenshot
['ERROR]2023-09-10 14:37:05,796(yyyy-MM-ddHH:mm:ss.SSS][main]Utilities.Loggerload1)-Steps Failed , Taking Screenshot
['ERROR]2023-09-10 14:37:05,851(yyyy-MM-ddHH:mm:ss.SSS][main]Utilities.Loggerload1)-Steps Failed , Taking Screenshot
['ERROR]2023-09-10 14:37:05,874(yyyy-MM-ddHH:mm:ss.SSS][main]Utilities.Loggerload1)-Steps Failed , Taking Screenshot
['ERROR]2023-09-10 14:37:05,894(yyyy-MM-ddHH:mm:ss.SSS][main]Utilities.Loggerload1)-Steps Failed , Taking Screenshot
['INFO ]2023-09-10 14:37:15,247(yyyy-MM-ddHH:mm:ss.SSS][main]org.testng.internal.Utils1)-[TestNG] Time taken by org.testng.internal.ExitCodeListener@1d5fc340: 0 ms
['INFO ]2023-09-10 14:37:15,307(yyyy-MM-ddHH:mm:ss.SSS][main]org.testng.internal.Utils1)-[TestNG] Time taken by org.testng.reporters.SuiteHTMLReporter@689fcf08: 60 ms
['INFO ]2023-09-10 14:37:15,441(yyyy-MM-ddHH:mm:ss.SSS][main]org.testng.internal.Utils1)-[TestNG] Time taken by org.testng.reporters.jq.Main@410e043b: 134 ms
['INFO ]2023-09-10 14:37:15,452(yyyy-MM-ddHH:mm:ss.SSS][main]org.testng.internal.Utils1)-[TestNG] Time taken by org.testng.reporters.FailedReporter@32029cd: 11 ms
['INFO ]2023-09-10 14:37:15,524(yyyy-MM-ddHH:mm:ss.SSS][main]org.testng.internal.Utils1)-[TestNG] Time taken by org.testng.reporters.XMLReporter@684eb4a0: 72 ms
['INFO ]2023-09-10 14:37:15,553(yyyy-MM-ddHH:mm:ss.SSS][main]org.testng.internal.Utils1)-[TestNG] Time taken by org.testng.reporters.EmailableReporter2@3d0ce151: 29 ms
['INFO ]2023-09-10 14:37:15,639(yyyy-MM-ddHH:mm:ss.SSS][main]org.testng.internal.Utils1)-[TestNG] Time taken by org.testng.reporters.JUnitReportReporter@3c2e73ce: 86 ms
['INFO ]2023-09-10 22:26:25,419(yyyy-MM-ddHH:mm:ss.SSS][main]org.testng.internal.Utils1)-[Utils] MethodGroupsHelper.collectMethodsByGroup() took 0 ms.
['INFO ]2023-09-10 22:26:25,423(yyyy-MM-ddHH:mm:ss.SSS][main]org.testng.internal.Utils1)-[Utils] MethodGroupsHelper.sortMethods() took 1 ms.
['INFO ]2023-09-10 22:26:25,426(yyyy-MM-ddHH:mm:ss.SSS][main]org.testng.internal.Utils1)-[Utils] MethodGroupsHelper.collectMethodsByGroup() took 0 ms.
['INFO ]2023-09-10 22:26:25,426(yyyy-MM-ddHH:mm:ss.SSS][main]org.testng.internal.Utils1)-[Utils] MethodGroupsHelper.sortMethods() took 0 ms.
['INFO ]2023-09-10 22:26:25,427(yyyy-MM-ddHH:mm:ss.SSS][main]org.testng.internal.Utils1)-[Utils] MethodGroupsHelper.collectMethodsByGroup() took 0 ms.
['INFO ]2023-09-10 22:26:25,427(yyyy-MM-ddHH:mm:ss.SSS][main]org.testng.internal.Utils1)-[Utils] MethodGroupsHelper.sortMethods() took 0 ms.
['INFO ]2023-09-10 22:26:25,429(yyyy-MM-ddHH:mm:ss.SSS][main]org.testng.internal.Utils1)-[Utils] MethodGroupsHelper.collectMethodsByGroup() took 0 ms.
['INFO ]2023-09-10 22:26:25,430(yyyy-MM-ddHH:mm:ss.SSS][main]org.testng.internal.Utils1)-[Utils] MethodGroupsHelper.sortMethods() took 0 ms.
['INFO ]2023-09-10 22:26:25,432(yyyy-MM-ddHH:mm:ss.SSS][main]org.testng.internal.Utils1)-[Utils] MethodGroupsHelper.collectMethodsByGroup() took 0 ms.
['INFO ]2023-09-10 22:26:25,449(yyyy-MM-ddHH:mm:ss.SSS][main]org.testng.internal.Utils1)-[Utils] MethodGroupsHelper.sortMethods() took 14 ms.
['INFO ]2023-09-10 22:26:25,451(yyyy-MM-ddHH:mm:ss.SSS][main]org.testng.internal.Utils1)-[Utils] MethodGroupsHelper.collectMethodsByGroup() took 0 ms.
['INFO ]2023-09-10 22:26:25,452(yyyy-MM-ddHH:mm:ss.SSS][main]org.testng.internal.Utils1)-[Utils] MethodGroupsHelper.sortMethods() took 0 ms.
['INFO ]2023-09-10 22:26:25,453(yyyy-MM-ddHH:mm:ss.SSS][main]org.testng.internal.Utils1)-[Utils] MethodGroupsHelper.collectMethodsByGroup() took 0 ms.
['INFO ]2023-09-10 22:26:25,454(yyyy-MM-ddHH:mm:ss.SSS][main]org.testng.internal.Utils1)-[Utils] MethodGroupsHelper.sortMethods() took 0 ms.
['INFO ]2023-09-10 22:26:25,454(yyyy-MM-ddHH:mm:ss.SSS][main]org.testng.internal.Utils1)-[Utils] MethodGroupsHelper.collectMethodsByGroup() took 0 ms.
['INFO ]2023-09-10 22:26:25,454(yyyy-MM-ddHH:mm:ss.SSS][main]org.testng.internal.Utils1)-[Utils] MethodGroupsHelper.sortMethods() took 0 ms.
['INFO ]2023-09-10 22:26:25,456(yyyy-MM-ddHH:mm:ss.SSS][main]org.testng.internal.Utils1)-[Utils] MethodGroupsHelper.collectMethodsByGroup() took 0 ms.
['INFO ]2023-09-10 22:26:25,457(yyyy-MM-ddHH:mm:ss.SSS][main]org.testng.internal.Utils1)-[Utils] MethodGroupsHelper.sortMethods() took 0 ms.
['INFO ]2023-09-10 22:26:25,457(yyyy-MM-ddHH:mm:ss.SSS][main]org.testng.internal.Utils1)-[Utils] MethodGroupsHelper.collectMethodsByGroup() took 0 ms.
['INFO ]2023-09-10 22:26:25,457(yyyy-MM-ddHH:mm:ss.SSS][main]org.testng.internal.Utils1)-[Utils] MethodGroupsHelper.sortMethods() took 0 ms.
['INFO ]2023-09-10 22:26:25,460(yyyy-MM-ddHH:mm:ss.SSS][main]org.testng.internal.Utils1)-[Utils] MethodGroupsHelper.collectMethodsByGroup() took 0 ms.
['INFO ]2023-09-10 22:26:25,461(yyyy-MM-ddHH:mm:ss.SSS][main]org.testng.internal.Utils1)-[Utils] MethodGroupsHelper.sortMethods() took 0 ms.
['INFO ]2023-09-10 22:26:25,461(yyyy-MM-ddHH:mm:ss.SSS][main]org.testng.internal.Utils1)-[Utils] MethodGroupsHelper.collectMethodsByGroup() took 0 ms.
['INFO ]2023-09-10 22:26:25,461(yyyy-MM-ddHH:mm:ss.SSS][main]org.testng.internal.Utils1)-[Utils] MethodGroupsHelper.sortMethods() took 0 ms.
['INFO ]2023-09-10 22:26:25,464(yyyy-MM-ddHH:mm:ss.SSS][main]org.testng.internal.Utils1)-[Utils] MethodGroupsHelper.collectMethodsByGroup() took 1 ms.
['INFO ]2023-09-10 22:26:25,465(yyyy-MM-ddHH:mm:ss.SSS][main]org.testng.internal.Utils1)-[Utils] MethodGroupsHelper.sortMethods() took 0 ms.
['INFO ]2023-09-10 22:26:25,466(yyyy-MM-ddHH:mm:ss.SSS][main]org.testng.internal.Utils1)-[Utils] MethodGroupsHelper.collectMethodsByGroup() took 0 ms.
['INFO ]2023-09-10 22:26:25,467(yyyy-MM-ddHH:mm:ss.SSS][main]org.testng.internal.Utils1)-[Utils] MethodGroupsHelper.sortMethods() took 0 ms.
['INFO ]2023-09-10 22:26:25,467(yyyy-MM-ddHH:mm:ss.SSS][main]org.testng.internal.Utils1)-[Utils] MethodGroupsHelper.collectMethodsByGroup() took 0 ms.
['INFO ]2023-09-10 22:26:25,467(yyyy-MM-ddHH:mm:ss.SSS][main]org.testng.internal.Utils1)-[Utils] MethodGroupsHelper.sortMethods() took 0 ms.
['INFO ]2023-09-10 22:26:25,478(yyyy-MM-ddHH:mm:ss.SSS][main]org.testng.internal.Utils1)-[TestNG] Running:
  C:\Users\indra\AppData\Local\Temp\testng-eclipse-481216423\testng-customsuite.xml

['INFO ]2023-09-10 22:26:25,503(yyyy-MM-ddHH:mm:ss.SSS][main]org.testng.internal.Utils1)-[Utils] DynamicGraphHelper.createDynamicGraph() took 2 ms.
['INFO ]2023-09-10 22:26:27,596(yyyy-MM-ddHH:mm:ss.SSS][main]io.github.bonigarcia.wdm.WebDriverManager1)-Using chromedriver 116.0.5845.96 (resolved driver for Chrome 116)
['INFO ]2023-09-10 22:26:27,612(yyyy-MM-ddHH:mm:ss.SSS][main]io.github.bonigarcia.wdm.WebDriverManager1)-Exporting webdriver.chrome.driver as C:\Users\indra\.cache\selenium\chromedriver\win64\116.0.5845.96\chromedriver.exe
['ERROR]2023-09-10 22:26:31,029(yyyy-MM-ddHH:mm:ss.SSS][main]Utilities.Loggerload1)-Steps Failed , Taking Screenshot
['ERROR]2023-09-10 22:26:31,521(yyyy-MM-ddHH:mm:ss.SSS][main]Utilities.Loggerload1)-Steps Failed , Taking Screenshot
['ERROR]2023-09-10 22:26:31,913(yyyy-MM-ddHH:mm:ss.SSS][main]Utilities.Loggerload1)-Steps Failed , Taking Screenshot
['ERROR]2023-09-10 22:26:32,316(yyyy-MM-ddHH:mm:ss.SSS][main]Utilities.Loggerload1)-Steps Failed , Taking Screenshot
['ERROR]2023-09-10 22:26:32,633(yyyy-MM-ddHH:mm:ss.SSS][main]Utilities.Loggerload1)-Steps Failed , Taking Screenshot
['ERROR]2023-09-10 22:26:32,949(yyyy-MM-ddHH:mm:ss.SSS][main]Utilities.Loggerload1)-Steps Failed , Taking Screenshot
['ERROR]2023-09-10 22:26:33,268(yyyy-MM-ddHH:mm:ss.SSS][main]Utilities.Loggerload1)-Steps Failed , Taking Screenshot
['ERROR]2023-09-10 22:26:33,621(yyyy-MM-ddHH:mm:ss.SSS][main]Utilities.Loggerload1)-Steps Failed , Taking Screenshot
['ERROR]2023-09-10 22:26:33,951(yyyy-MM-ddHH:mm:ss.SSS][main]Utilities.Loggerload1)-Steps Failed , Taking Screenshot
['ERROR]2023-09-10 22:26:34,313(yyyy-MM-ddHH:mm:ss.SSS][main]Utilities.Loggerload1)-Steps Failed , Taking Screenshot
['ERROR]2023-09-10 22:26:34,662(yyyy-MM-ddHH:mm:ss.SSS][main]Utilities.Loggerload1)-Steps Failed , Taking Screenshot
['ERROR]2023-09-10 22:26:35,028(yyyy-MM-ddHH:mm:ss.SSS][main]Utilities.Loggerload1)-Steps Failed , Taking Screenshot
['ERROR]2023-09-10 22:26:35,418(yyyy-MM-ddHH:mm:ss.SSS][main]Utilities.Loggerload1)-Steps Failed , Taking Screenshot
['ERROR]2023-09-10 22:26:35,734(yyyy-MM-ddHH:mm:ss.SSS][main]Utilities.Loggerload1)-Steps Failed , Taking Screenshot
['ERROR]2023-09-10 22:26:36,100(yyyy-MM-ddHH:mm:ss.SSS][main]Utilities.Loggerload1)-Steps Failed , Taking Screenshot
['ERROR]2023-09-10 22:26:36,454(yyyy-MM-ddHH:mm:ss.SSS][main]Utilities.Loggerload1)-Steps Failed , Taking Screenshot
['ERROR]2023-09-10 22:26:38,619(yyyy-MM-ddHH:mm:ss.SSS][main]Utilities.Loggerload1)-Steps Failed , Taking Screenshot
['ERROR]2023-09-10 22:26:39,022(yyyy-MM-ddHH:mm:ss.SSS][main]Utilities.Loggerload1)-Steps Failed , Taking Screenshot
['ERROR]2023-09-10 22:26:39,399(yyyy-MM-ddHH:mm:ss.SSS][main]Utilities.Loggerload1)-Steps Failed , Taking Screenshot
['ERROR]2023-09-10 22:26:39,740(yyyy-MM-ddHH:mm:ss.SSS][main]Utilities.Loggerload1)-Steps Failed , Taking Screenshot
['ERROR]2023-09-10 22:26:40,064(yyyy-MM-ddHH:mm:ss.SSS][main]Utilities.Loggerload1)-Steps Failed , Taking Screenshot
['ERROR]2023-09-10 22:26:40,379(yyyy-MM-ddHH:mm:ss.SSS][main]Utilities.Loggerload1)-Steps Failed , Taking Screenshot
['ERROR]2023-09-10 22:26:40,739(yyyy-MM-ddHH:mm:ss.SSS][main]Utilities.Loggerload1)-Steps Failed , Taking Screenshot
['ERROR]2023-09-10 22:26:41,111(yyyy-MM-ddHH:mm:ss.SSS][main]Utilities.Loggerload1)-Steps Failed , Taking Screenshot
['ERROR]2023-09-10 22:26:41,491(yyyy-MM-ddHH:mm:ss.SSS][main]Utilities.Loggerload1)-Steps Failed , Taking Screenshot
['ERROR]2023-09-10 22:26:41,827(yyyy-MM-ddHH:mm:ss.SSS][main]Utilities.Loggerload1)-Steps Failed , Taking Screenshot
['ERROR]2023-09-10 22:26:42,185(yyyy-MM-ddHH:mm:ss.SSS][main]Utilities.Loggerload1)-Steps Failed , Taking Screenshot
['ERROR]2023-09-10 22:26:42,502(yyyy-MM-ddHH:mm:ss.SSS][main]Utilities.Loggerload1)-Steps Failed , Taking Screenshot
['ERROR]2023-09-10 22:26:42,821(yyyy-MM-ddHH:mm:ss.SSS][main]Utilities.Loggerload1)-Steps Failed , Taking Screenshot
['ERROR]2023-09-10 22:26:43,195(yyyy-MM-ddHH:mm:ss.SSS][main]Utilities.Loggerload1)-Steps Failed , Taking Screenshot
['ERROR]2023-09-10 22:26:43,540(yyyy-MM-ddHH:mm:ss.SSS][main]Utilities.Loggerload1)-Steps Failed , Taking Screenshot
['ERROR]2023-09-10 22:26:43,904(yyyy-MM-ddHH:mm:ss.SSS][main]Utilities.Loggerload1)-Steps Failed , Taking Screenshot
['ERROR]2023-09-10 22:26:44,304(yyyy-MM-ddHH:mm:ss.SSS][main]Utilities.Loggerload1)-Steps Failed , Taking Screenshot
['ERROR]2023-09-10 22:26:44,703(yyyy-MM-ddHH:mm:ss.SSS][main]Utilities.Loggerload1)-Steps Failed , Taking Screenshot
['ERROR]2023-09-10 22:26:45,077(yyyy-MM-ddHH:mm:ss.SSS][main]Utilities.Loggerload1)-Steps Failed , Taking Screenshot
['ERROR]2023-09-10 22:26:45,427(yyyy-MM-ddHH:mm:ss.SSS][main]Utilities.Loggerload1)-Steps Failed , Taking Screenshot
['ERROR]2023-09-10 22:26:45,778(yyyy-MM-ddHH:mm:ss.SSS][main]Utilities.Loggerload1)-Steps Failed , Taking Screenshot
['INFO ]2023-09-10 22:26:58,992(yyyy-MM-ddHH:mm:ss.SSS][main]org.testng.internal.Utils1)-[TestNG] Time taken by org.testng.internal.ExitCodeListener@615b1baf: 0 ms
['INFO ]2023-09-10 22:26:59,024(yyyy-MM-ddHH:mm:ss.SSS][main]org.testng.internal.Utils1)-[TestNG] Time taken by org.testng.reporters.SuiteHTMLReporter@39d37da8: 31 ms
['INFO ]2023-09-10 22:26:59,134(yyyy-MM-ddHH:mm:ss.SSS][main]org.testng.internal.Utils1)-[TestNG] Time taken by org.testng.reporters.jq.Main@663cc8c9: 110 ms
['INFO ]2023-09-10 22:26:59,155(yyyy-MM-ddHH:mm:ss.SSS][main]org.testng.internal.Utils1)-[TestNG] Time taken by org.testng.reporters.FailedReporter@3791160a: 20 ms
['INFO ]2023-09-10 22:26:59,229(yyyy-MM-ddHH:mm:ss.SSS][main]org.testng.internal.Utils1)-[TestNG] Time taken by org.testng.reporters.XMLReporter@1a0e5c0c: 74 ms
['INFO ]2023-09-10 22:26:59,255(yyyy-MM-ddHH:mm:ss.SSS][main]org.testng.internal.Utils1)-[TestNG] Time taken by org.testng.reporters.EmailableReporter2@4e22dadb: 26 ms
['INFO ]2023-09-10 22:26:59,340(yyyy-MM-ddHH:mm:ss.SSS][main]org.testng.internal.Utils1)-[TestNG] Time taken by org.testng.reporters.JUnitReportReporter@1930e8ef: 85 ms
['INFO ]2023-09-11 06:08:28,452(yyyy-MM-ddHH:mm:ss.SSS][main]org.testng.internal.Utils1)-[Utils] MethodGroupsHelper.collectMethodsByGroup() took 0 ms.
['INFO ]2023-09-11 06:08:28,458(yyyy-MM-ddHH:mm:ss.SSS][main]org.testng.internal.Utils1)-[Utils] MethodGroupsHelper.sortMethods() took 1 ms.
['INFO ]2023-09-11 06:08:28,465(yyyy-MM-ddHH:mm:ss.SSS][main]org.testng.internal.Utils1)-[Utils] MethodGroupsHelper.collectMethodsByGroup() took 0 ms.
['INFO ]2023-09-11 06:08:28,465(yyyy-MM-ddHH:mm:ss.SSS][main]org.testng.internal.Utils1)-[Utils] MethodGroupsHelper.sortMethods() took 0 ms.
['INFO ]2023-09-11 06:08:28,467(yyyy-MM-ddHH:mm:ss.SSS][main]org.testng.internal.Utils1)-[Utils] MethodGroupsHelper.collectMethodsByGroup() took 0 ms.
['INFO ]2023-09-11 06:08:28,467(yyyy-MM-ddHH:mm:ss.SSS][main]org.testng.internal.Utils1)-[Utils] MethodGroupsHelper.sortMethods() took 0 ms.
['INFO ]2023-09-11 06:08:28,468(yyyy-MM-ddHH:mm:ss.SSS][main]org.testng.internal.Utils1)-[Utils] MethodGroupsHelper.collectMethodsByGroup() took 0 ms.
['INFO ]2023-09-11 06:08:28,468(yyyy-MM-ddHH:mm:ss.SSS][main]org.testng.internal.Utils1)-[Utils] MethodGroupsHelper.sortMethods() took 0 ms.
['INFO ]2023-09-11 06:08:28,477(yyyy-MM-ddHH:mm:ss.SSS][main]org.testng.internal.Utils1)-[Utils] MethodGroupsHelper.collectMethodsByGroup() took 0 ms.
['INFO ]2023-09-11 06:08:28,487(yyyy-MM-ddHH:mm:ss.SSS][main]org.testng.internal.Utils1)-[Utils] MethodGroupsHelper.sortMethods() took 9 ms.
['INFO ]2023-09-11 06:08:28,489(yyyy-MM-ddHH:mm:ss.SSS][main]org.testng.internal.Utils1)-[Utils] MethodGroupsHelper.collectMethodsByGroup() took 0 ms.
['INFO ]2023-09-11 06:08:28,489(yyyy-MM-ddHH:mm:ss.SSS][main]org.testng.internal.Utils1)-[Utils] MethodGroupsHelper.sortMethods() took 0 ms.
['INFO ]2023-09-11 06:08:28,491(yyyy-MM-ddHH:mm:ss.SSS][main]org.testng.internal.Utils1)-[Utils] MethodGroupsHelper.collectMethodsByGroup() took 0 ms.
['INFO ]2023-09-11 06:08:28,491(yyyy-MM-ddHH:mm:ss.SSS][main]org.testng.internal.Utils1)-[Utils] MethodGroupsHelper.sortMethods() took 0 ms.
['INFO ]2023-09-11 06:08:28,492(yyyy-MM-ddHH:mm:ss.SSS][main]org.testng.internal.Utils1)-[Utils] MethodGroupsHelper.collectMethodsByGroup() took 0 ms.
['INFO ]2023-09-11 06:08:28,492(yyyy-MM-ddHH:mm:ss.SSS][main]org.testng.internal.Utils1)-[Utils] MethodGroupsHelper.sortMethods() took 0 ms.
['INFO ]2023-09-11 06:08:28,496(yyyy-MM-ddHH:mm:ss.SSS][main]org.testng.internal.Utils1)-[Utils] MethodGroupsHelper.collectMethodsByGroup() took 0 ms.
['INFO ]2023-09-11 06:08:28,498(yyyy-MM-ddHH:mm:ss.SSS][main]org.testng.internal.Utils1)-[Utils] MethodGroupsHelper.sortMethods() took 0 ms.
['INFO ]2023-09-11 06:08:28,499(yyyy-MM-ddHH:mm:ss.SSS][main]org.testng.internal.Utils1)-[Utils] MethodGroupsHelper.collectMethodsByGroup() took 0 ms.
['INFO ]2023-09-11 06:08:28,499(yyyy-MM-ddHH:mm:ss.SSS][main]org.testng.internal.Utils1)-[Utils] MethodGroupsHelper.sortMethods() took 0 ms.
['INFO ]2023-09-11 06:08:28,503(yyyy-MM-ddHH:mm:ss.SSS][main]org.testng.internal.Utils1)-[Utils] MethodGroupsHelper.collectMethodsByGroup() took 0 ms.
['INFO ]2023-09-11 06:08:28,505(yyyy-MM-ddHH:mm:ss.SSS][main]org.testng.internal.Utils1)-[Utils] MethodGroupsHelper.sortMethods() took 0 ms.
['INFO ]2023-09-11 06:08:28,507(yyyy-MM-ddHH:mm:ss.SSS][main]org.testng.internal.Utils1)-[Utils] MethodGroupsHelper.collectMethodsByGroup() took 0 ms.
['INFO ]2023-09-11 06:08:28,507(yyyy-MM-ddHH:mm:ss.SSS][main]org.testng.internal.Utils1)-[Utils] MethodGroupsHelper.sortMethods() took 0 ms.
['INFO ]2023-09-11 06:08:28,517(yyyy-MM-ddHH:mm:ss.SSS][main]org.testng.internal.Utils1)-[Utils] MethodGroupsHelper.collectMethodsByGroup() took 8 ms.
['INFO ]2023-09-11 06:08:28,518(yyyy-MM-ddHH:mm:ss.SSS][main]org.testng.internal.Utils1)-[Utils] MethodGroupsHelper.sortMethods() took 1 ms.
['INFO ]2023-09-11 06:08:28,520(yyyy-MM-ddHH:mm:ss.SSS][main]org.testng.internal.Utils1)-[Utils] MethodGroupsHelper.collectMethodsByGroup() took 0 ms.
['INFO ]2023-09-11 06:08:28,521(yyyy-MM-ddHH:mm:ss.SSS][main]org.testng.internal.Utils1)-[Utils] MethodGroupsHelper.sortMethods() took 1 ms.
['INFO ]2023-09-11 06:08:28,521(yyyy-MM-ddHH:mm:ss.SSS][main]org.testng.internal.Utils1)-[Utils] MethodGroupsHelper.collectMethodsByGroup() took 0 ms.
['INFO ]2023-09-11 06:08:28,524(yyyy-MM-ddHH:mm:ss.SSS][main]org.testng.internal.Utils1)-[Utils] MethodGroupsHelper.sortMethods() took 0 ms.
['INFO ]2023-09-11 06:08:28,542(yyyy-MM-ddHH:mm:ss.SSS][main]org.testng.internal.Utils1)-[TestNG] Running:
  C:\Users\indra\AppData\Local\Temp\testng-eclipse-1659648935\testng-customsuite.xml

['INFO ]2023-09-11 06:08:28,568(yyyy-MM-ddHH:mm:ss.SSS][main]org.testng.internal.Utils1)-[Utils] DynamicGraphHelper.createDynamicGraph() took 6 ms.
['INFO ]2023-09-11 06:08:30,761(yyyy-MM-ddHH:mm:ss.SSS][main]io.github.bonigarcia.wdm.WebDriverManager1)-Using chromedriver 116.0.5845.96 (resolved driver for Chrome 116)
['INFO ]2023-09-11 06:08:30,786(yyyy-MM-ddHH:mm:ss.SSS][main]io.github.bonigarcia.wdm.WebDriverManager1)-Exporting webdriver.chrome.driver as C:\Users\indra\.cache\selenium\chromedriver\win64\116.0.5845.96\chromedriver.exe
['ERROR]2023-09-11 06:08:33,453(yyyy-MM-ddHH:mm:ss.SSS][main]Utilities.Loggerload1)-Steps Failed , Taking Screenshot
['ERROR]2023-09-11 06:08:34,019(yyyy-MM-ddHH:mm:ss.SSS][main]Utilities.Loggerload1)-Steps Failed , Taking Screenshot
['ERROR]2023-09-11 06:08:34,459(yyyy-MM-ddHH:mm:ss.SSS][main]Utilities.Loggerload1)-Steps Failed , Taking Screenshot
['ERROR]2023-09-11 06:08:34,851(yyyy-MM-ddHH:mm:ss.SSS][main]Utilities.Loggerload1)-Steps Failed , Taking Screenshot
['ERROR]2023-09-11 06:08:35,231(yyyy-MM-ddHH:mm:ss.SSS][main]Utilities.Loggerload1)-Steps Failed , Taking Screenshot
['ERROR]2023-09-11 06:08:35,588(yyyy-MM-ddHH:mm:ss.SSS][main]Utilities.Loggerload1)-Steps Failed , Taking Screenshot
['ERROR]2023-09-11 06:08:36,014(yyyy-MM-ddHH:mm:ss.SSS][main]Utilities.Loggerload1)-Steps Failed , Taking Screenshot
['ERROR]2023-09-11 06:08:36,387(yyyy-MM-ddHH:mm:ss.SSS][main]Utilities.Loggerload1)-Steps Failed , Taking Screenshot
['ERROR]2023-09-11 06:08:36,750(yyyy-MM-ddHH:mm:ss.SSS][main]Utilities.Loggerload1)-Steps Failed , Taking Screenshot
['ERROR]2023-09-11 06:08:37,243(yyyy-MM-ddHH:mm:ss.SSS][main]Utilities.Loggerload1)-Steps Failed , Taking Screenshot
['ERROR]2023-09-11 06:08:37,830(yyyy-MM-ddHH:mm:ss.SSS][main]Utilities.Loggerload1)-Steps Failed , Taking Screenshot
['ERROR]2023-09-11 06:08:38,375(yyyy-MM-ddHH:mm:ss.SSS][main]Utilities.Loggerload1)-Steps Failed , Taking Screenshot
['ERROR]2023-09-11 06:08:38,792(yyyy-MM-ddHH:mm:ss.SSS][main]Utilities.Loggerload1)-Steps Failed , Taking Screenshot
['ERROR]2023-09-11 06:08:39,536(yyyy-MM-ddHH:mm:ss.SSS][main]Utilities.Loggerload1)-Steps Failed , Taking Screenshot
['ERROR]2023-09-11 06:08:40,045(yyyy-MM-ddHH:mm:ss.SSS][main]Utilities.Loggerload1)-Steps Failed , Taking Screenshot
['ERROR]2023-09-11 06:08:40,438(yyyy-MM-ddHH:mm:ss.SSS][main]Utilities.Loggerload1)-Steps Failed , Taking Screenshot
['ERROR]2023-09-11 06:08:40,856(yyyy-MM-ddHH:mm:ss.SSS][main]Utilities.Loggerload1)-Steps Failed , Taking Screenshot
['ERROR]2023-09-11 06:08:43,197(yyyy-MM-ddHH:mm:ss.SSS][main]Utilities.Loggerload1)-Steps Failed , Taking Screenshot
['ERROR]2023-09-11 06:08:43,643(yyyy-MM-ddHH:mm:ss.SSS][main]Utilities.Loggerload1)-Steps Failed , Taking Screenshot
['ERROR]2023-09-11 06:08:44,013(yyyy-MM-ddHH:mm:ss.SSS][main]Utilities.Loggerload1)-Steps Failed , Taking Screenshot
['ERROR]2023-09-11 06:08:44,467(yyyy-MM-ddHH:mm:ss.SSS][main]Utilities.Loggerload1)-Steps Failed , Taking Screenshot
['ERROR]2023-09-11 06:08:44,797(yyyy-MM-ddHH:mm:ss.SSS][main]Utilities.Loggerload1)-Steps Failed , Taking Screenshot
['ERROR]2023-09-11 06:08:45,193(yyyy-MM-ddHH:mm:ss.SSS][main]Utilities.Loggerload1)-Steps Failed , Taking Screenshot
['ERROR]2023-09-11 06:08:45,595(yyyy-MM-ddHH:mm:ss.SSS][main]Utilities.Loggerload1)-Steps Failed , Taking Screenshot
['ERROR]2023-09-11 06:08:45,995(yyyy-MM-ddHH:mm:ss.SSS][main]Utilities.Loggerload1)-Steps Failed , Taking Screenshot
['ERROR]2023-09-11 06:08:46,338(yyyy-MM-ddHH:mm:ss.SSS][main]Utilities.Loggerload1)-Steps Failed , Taking Screenshot
['ERROR]2023-09-11 06:08:46,760(yyyy-MM-ddHH:mm:ss.SSS][main]Utilities.Loggerload1)-Steps Failed , Taking Screenshot
['ERROR]2023-09-11 06:08:47,190(yyyy-MM-ddHH:mm:ss.SSS][main]Utilities.Loggerload1)-Steps Failed , Taking Screenshot
['ERROR]2023-09-11 06:08:47,582(yyyy-MM-ddHH:mm:ss.SSS][main]Utilities.Loggerload1)-Steps Failed , Taking Screenshot
['ERROR]2023-09-11 06:08:47,972(yyyy-MM-ddHH:mm:ss.SSS][main]Utilities.Loggerload1)-Steps Failed , Taking Screenshot
['ERROR]2023-09-11 06:08:48,404(yyyy-MM-ddHH:mm:ss.SSS][main]Utilities.Loggerload1)-Steps Failed , Taking Screenshot
['ERROR]2023-09-11 06:08:48,770(yyyy-MM-ddHH:mm:ss.SSS][main]Utilities.Loggerload1)-Steps Failed , Taking Screenshot
['ERROR]2023-09-11 06:08:49,193(yyyy-MM-ddHH:mm:ss.SSS][main]Utilities.Loggerload1)-Steps Failed , Taking Screenshot
['ERROR]2023-09-11 06:08:49,618(yyyy-MM-ddHH:mm:ss.SSS][main]Utilities.Loggerload1)-Steps Failed , Taking Screenshot
['ERROR]2023-09-11 06:08:49,998(yyyy-MM-ddHH:mm:ss.SSS][main]Utilities.Loggerload1)-Steps Failed , Taking Screenshot
['ERROR]2023-09-11 06:08:50,369(yyyy-MM-ddHH:mm:ss.SSS][main]Utilities.Loggerload1)-Steps Failed , Taking Screenshot
['ERROR]2023-09-11 06:08:50,850(yyyy-MM-ddHH:mm:ss.SSS][main]Utilities.Loggerload1)-Steps Failed , Taking Screenshot
['ERROR]2023-09-11 06:08:51,247(yyyy-MM-ddHH:mm:ss.SSS][main]Utilities.Loggerload1)-Steps Failed , Taking Screenshot
['INFO ]2023-09-11 06:09:02,055(yyyy-MM-ddHH:mm:ss.SSS][main]org.testng.internal.Utils1)-[TestNG] Time taken by org.testng.internal.ExitCodeListener@5e8bc83e: 0 ms
['INFO ]2023-09-11 06:09:02,087(yyyy-MM-ddHH:mm:ss.SSS][main]org.testng.internal.Utils1)-[TestNG] Time taken by org.testng.reporters.SuiteHTMLReporter@1fb379e4: 30 ms
['INFO ]2023-09-11 06:09:02,170(yyyy-MM-ddHH:mm:ss.SSS][main]org.testng.internal.Utils1)-[TestNG] Time taken by org.testng.reporters.jq.Main@5da41d02: 83 ms
['INFO ]2023-09-11 06:09:02,188(yyyy-MM-ddHH:mm:ss.SSS][main]org.testng.internal.Utils1)-[TestNG] Time taken by org.testng.reporters.FailedReporter@21ebf9be: 18 ms
['INFO ]2023-09-11 06:09:02,232(yyyy-MM-ddHH:mm:ss.SSS][main]org.testng.internal.Utils1)-[TestNG] Time taken by org.testng.reporters.XMLReporter@74cad577: 44 ms
['INFO ]2023-09-11 06:09:02,245(yyyy-MM-ddHH:mm:ss.SSS][main]org.testng.internal.Utils1)-[TestNG] Time taken by org.testng.reporters.EmailableReporter2@31d8352e: 13 ms
['INFO ]2023-09-11 06:09:02,302(yyyy-MM-ddHH:mm:ss.SSS][main]org.testng.internal.Utils1)-[TestNG] Time taken by org.testng.reporters.JUnitReportReporter@6a233d33: 57 ms
['INFO ]2023-09-11 06:12:38,759(yyyy-MM-ddHH:mm:ss.SSS][main]org.testng.internal.Utils1)-[Utils] MethodGroupsHelper.collectMethodsByGroup() took 0 ms.
['INFO ]2023-09-11 06:12:38,765(yyyy-MM-ddHH:mm:ss.SSS][main]org.testng.internal.Utils1)-[Utils] MethodGroupsHelper.sortMethods() took 2 ms.
['INFO ]2023-09-11 06:12:38,767(yyyy-MM-ddHH:mm:ss.SSS][main]org.testng.internal.Utils1)-[Utils] MethodGroupsHelper.collectMethodsByGroup() took 0 ms.
['INFO ]2023-09-11 06:12:38,768(yyyy-MM-ddHH:mm:ss.SSS][main]org.testng.internal.Utils1)-[Utils] MethodGroupsHelper.sortMethods() took 0 ms.
['INFO ]2023-09-11 06:12:38,768(yyyy-MM-ddHH:mm:ss.SSS][main]org.testng.internal.Utils1)-[Utils] MethodGroupsHelper.collectMethodsByGroup() took 0 ms.
['INFO ]2023-09-11 06:12:38,769(yyyy-MM-ddHH:mm:ss.SSS][main]org.testng.internal.Utils1)-[Utils] MethodGroupsHelper.sortMethods() took 0 ms.
['INFO ]2023-09-11 06:12:38,769(yyyy-MM-ddHH:mm:ss.SSS][main]org.testng.internal.Utils1)-[Utils] MethodGroupsHelper.collectMethodsByGroup() took 0 ms.
['INFO ]2023-09-11 06:12:38,770(yyyy-MM-ddHH:mm:ss.SSS][main]org.testng.internal.Utils1)-[Utils] MethodGroupsHelper.sortMethods() took 0 ms.
['INFO ]2023-09-11 06:12:38,771(yyyy-MM-ddHH:mm:ss.SSS][main]org.testng.internal.Utils1)-[Utils] MethodGroupsHelper.collectMethodsByGroup() took 0 ms.
['INFO ]2023-09-11 06:12:38,779(yyyy-MM-ddHH:mm:ss.SSS][main]org.testng.internal.Utils1)-[Utils] MethodGroupsHelper.sortMethods() took 7 ms.
['INFO ]2023-09-11 06:12:38,782(yyyy-MM-ddHH:mm:ss.SSS][main]org.testng.internal.Utils1)-[Utils] MethodGroupsHelper.collectMethodsByGroup() took 0 ms.
['INFO ]2023-09-11 06:12:38,783(yyyy-MM-ddHH:mm:ss.SSS][main]org.testng.internal.Utils1)-[Utils] MethodGroupsHelper.sortMethods() took 0 ms.
['INFO ]2023-09-11 06:12:38,785(yyyy-MM-ddHH:mm:ss.SSS][main]org.testng.internal.Utils1)-[Utils] MethodGroupsHelper.collectMethodsByGroup() took 0 ms.
['INFO ]2023-09-11 06:12:38,785(yyyy-MM-ddHH:mm:ss.SSS][main]org.testng.internal.Utils1)-[Utils] MethodGroupsHelper.sortMethods() took 0 ms.
['INFO ]2023-09-11 06:12:38,786(yyyy-MM-ddHH:mm:ss.SSS][main]org.testng.internal.Utils1)-[Utils] MethodGroupsHelper.collectMethodsByGroup() took 0 ms.
['INFO ]2023-09-11 06:12:38,786(yyyy-MM-ddHH:mm:ss.SSS][main]org.testng.internal.Utils1)-[Utils] MethodGroupsHelper.sortMethods() took 0 ms.
['INFO ]2023-09-11 06:12:38,787(yyyy-MM-ddHH:mm:ss.SSS][main]org.testng.internal.Utils1)-[Utils] MethodGroupsHelper.collectMethodsByGroup() took 0 ms.
['INFO ]2023-09-11 06:12:38,788(yyyy-MM-ddHH:mm:ss.SSS][main]org.testng.internal.Utils1)-[Utils] MethodGroupsHelper.sortMethods() took 0 ms.
['INFO ]2023-09-11 06:12:38,788(yyyy-MM-ddHH:mm:ss.SSS][main]org.testng.internal.Utils1)-[Utils] MethodGroupsHelper.collectMethodsByGroup() took 0 ms.
['INFO ]2023-09-11 06:12:38,788(yyyy-MM-ddHH:mm:ss.SSS][main]org.testng.internal.Utils1)-[Utils] MethodGroupsHelper.sortMethods() took 0 ms.
['INFO ]2023-09-11 06:12:38,789(yyyy-MM-ddHH:mm:ss.SSS][main]org.testng.internal.Utils1)-[Utils] MethodGroupsHelper.collectMethodsByGroup() took 0 ms.
['INFO ]2023-09-11 06:12:38,790(yyyy-MM-ddHH:mm:ss.SSS][main]org.testng.internal.Utils1)-[Utils] MethodGroupsHelper.sortMethods() took 0 ms.
['INFO ]2023-09-11 06:12:38,790(yyyy-MM-ddHH:mm:ss.SSS][main]org.testng.internal.Utils1)-[Utils] MethodGroupsHelper.collectMethodsByGroup() took 0 ms.
['INFO ]2023-09-11 06:12:38,790(yyyy-MM-ddHH:mm:ss.SSS][main]org.testng.internal.Utils1)-[Utils] MethodGroupsHelper.sortMethods() took 0 ms.
['INFO ]2023-09-11 06:12:38,793(yyyy-MM-ddHH:mm:ss.SSS][main]org.testng.internal.Utils1)-[Utils] MethodGroupsHelper.collectMethodsByGroup() took 2 ms.
['INFO ]2023-09-11 06:12:38,794(yyyy-MM-ddHH:mm:ss.SSS][main]org.testng.internal.Utils1)-[Utils] MethodGroupsHelper.sortMethods() took 0 ms.
['INFO ]2023-09-11 06:12:38,796(yyyy-MM-ddHH:mm:ss.SSS][main]org.testng.internal.Utils1)-[Utils] MethodGroupsHelper.collectMethodsByGroup() took 0 ms.
['INFO ]2023-09-11 06:12:38,796(yyyy-MM-ddHH:mm:ss.SSS][main]org.testng.internal.Utils1)-[Utils] MethodGroupsHelper.sortMethods() took 0 ms.
['INFO ]2023-09-11 06:12:38,796(yyyy-MM-ddHH:mm:ss.SSS][main]org.testng.internal.Utils1)-[Utils] MethodGroupsHelper.collectMethodsByGroup() took 0 ms.
['INFO ]2023-09-11 06:12:38,797(yyyy-MM-ddHH:mm:ss.SSS][main]org.testng.internal.Utils1)-[Utils] MethodGroupsHelper.sortMethods() took 0 ms.
['INFO ]2023-09-11 06:12:38,805(yyyy-MM-ddHH:mm:ss.SSS][main]org.testng.internal.Utils1)-[TestNG] Running:
  C:\Users\indra\AppData\Local\Temp\testng-eclipse-1049404887\testng-customsuite.xml

['INFO ]2023-09-11 06:12:38,822(yyyy-MM-ddHH:mm:ss.SSS][main]org.testng.internal.Utils1)-[Utils] DynamicGraphHelper.createDynamicGraph() took 3 ms.
['WARN ]2023-09-11 06:12:39,486(yyyy-MM-ddHH:mm:ss.SSS][main]org.testng.internal.Utils1)-The test method 'io.cucumber.testng.AbstractTestNGCucumberTests.runScenario' will be skipped since its data provider 'scenarios' returned an empty array or iterator. 
['INFO ]2023-09-11 06:12:39,534(yyyy-MM-ddHH:mm:ss.SSS][main]org.testng.internal.Utils1)-[TestNG] Time taken by org.testng.internal.ExitCodeListener@327c7bea: 0 ms
['INFO ]2023-09-11 06:12:39,556(yyyy-MM-ddHH:mm:ss.SSS][main]org.testng.internal.Utils1)-[TestNG] Time taken by org.testng.reporters.SuiteHTMLReporter@31464a43: 21 ms
['INFO ]2023-09-11 06:12:39,611(yyyy-MM-ddHH:mm:ss.SSS][main]org.testng.internal.Utils1)-[TestNG] Time taken by org.testng.reporters.jq.Main@31133b6e: 55 ms
['INFO ]2023-09-11 06:12:39,613(yyyy-MM-ddHH:mm:ss.SSS][main]org.testng.internal.Utils1)-[TestNG] Time taken by org.testng.reporters.FailedReporter@29528a22: 2 ms
['INFO ]2023-09-11 06:12:39,628(yyyy-MM-ddHH:mm:ss.SSS][main]org.testng.internal.Utils1)-[TestNG] Time taken by org.testng.reporters.XMLReporter@64a4dd8d: 13 ms
['INFO ]2023-09-11 06:12:39,641(yyyy-MM-ddHH:mm:ss.SSS][main]org.testng.internal.Utils1)-[TestNG] Time taken by org.testng.reporters.EmailableReporter2@58a63629: 11 ms
['INFO ]2023-09-11 06:12:39,653(yyyy-MM-ddHH:mm:ss.SSS][main]org.testng.internal.Utils1)-[TestNG] Time taken by org.testng.reporters.JUnitReportReporter@ab20d7c: 12 ms
['INFO ]2023-09-11 06:14:02,366(yyyy-MM-ddHH:mm:ss.SSS][main]org.testng.internal.Utils1)-[Utils] MethodGroupsHelper.collectMethodsByGroup() took 1 ms.
['INFO ]2023-09-11 06:14:02,371(yyyy-MM-ddHH:mm:ss.SSS][main]org.testng.internal.Utils1)-[Utils] MethodGroupsHelper.sortMethods() took 0 ms.
['INFO ]2023-09-11 06:14:02,373(yyyy-MM-ddHH:mm:ss.SSS][main]org.testng.internal.Utils1)-[Utils] MethodGroupsHelper.collectMethodsByGroup() took 0 ms.
['INFO ]2023-09-11 06:14:02,373(yyyy-MM-ddHH:mm:ss.SSS][main]org.testng.internal.Utils1)-[Utils] MethodGroupsHelper.sortMethods() took 0 ms.
['INFO ]2023-09-11 06:14:02,374(yyyy-MM-ddHH:mm:ss.SSS][main]org.testng.internal.Utils1)-[Utils] MethodGroupsHelper.collectMethodsByGroup() took 0 ms.
['INFO ]2023-09-11 06:14:02,374(yyyy-MM-ddHH:mm:ss.SSS][main]org.testng.internal.Utils1)-[Utils] MethodGroupsHelper.sortMethods() took 0 ms.
['INFO ]2023-09-11 06:14:02,375(yyyy-MM-ddHH:mm:ss.SSS][main]org.testng.internal.Utils1)-[Utils] MethodGroupsHelper.collectMethodsByGroup() took 0 ms.
['INFO ]2023-09-11 06:14:02,375(yyyy-MM-ddHH:mm:ss.SSS][main]org.testng.internal.Utils1)-[Utils] MethodGroupsHelper.sortMethods() took 0 ms.
['INFO ]2023-09-11 06:14:02,377(yyyy-MM-ddHH:mm:ss.SSS][main]org.testng.internal.Utils1)-[Utils] MethodGroupsHelper.collectMethodsByGroup() took 0 ms.
['INFO ]2023-09-11 06:14:02,384(yyyy-MM-ddHH:mm:ss.SSS][main]org.testng.internal.Utils1)-[Utils] MethodGroupsHelper.sortMethods() took 7 ms.
['INFO ]2023-09-11 06:14:02,388(yyyy-MM-ddHH:mm:ss.SSS][main]org.testng.internal.Utils1)-[Utils] MethodGroupsHelper.collectMethodsByGroup() took 0 ms.
['INFO ]2023-09-11 06:14:02,389(yyyy-MM-ddHH:mm:ss.SSS][main]org.testng.internal.Utils1)-[Utils] MethodGroupsHelper.sortMethods() took 0 ms.
['INFO ]2023-09-11 06:14:02,390(yyyy-MM-ddHH:mm:ss.SSS][main]org.testng.internal.Utils1)-[Utils] MethodGroupsHelper.collectMethodsByGroup() took 0 ms.
['INFO ]2023-09-11 06:14:02,390(yyyy-MM-ddHH:mm:ss.SSS][main]org.testng.internal.Utils1)-[Utils] MethodGroupsHelper.sortMethods() took 0 ms.
['INFO ]2023-09-11 06:14:02,391(yyyy-MM-ddHH:mm:ss.SSS][main]org.testng.internal.Utils1)-[Utils] MethodGroupsHelper.collectMethodsByGroup() took 0 ms.
['INFO ]2023-09-11 06:14:02,391(yyyy-MM-ddHH:mm:ss.SSS][main]org.testng.internal.Utils1)-[Utils] MethodGroupsHelper.sortMethods() took 0 ms.
['INFO ]2023-09-11 06:14:02,393(yyyy-MM-ddHH:mm:ss.SSS][main]org.testng.internal.Utils1)-[Utils] MethodGroupsHelper.collectMethodsByGroup() took 0 ms.
['INFO ]2023-09-11 06:14:02,393(yyyy-MM-ddHH:mm:ss.SSS][main]org.testng.internal.Utils1)-[Utils] MethodGroupsHelper.sortMethods() took 0 ms.
['INFO ]2023-09-11 06:14:02,394(yyyy-MM-ddHH:mm:ss.SSS][main]org.testng.internal.Utils1)-[Utils] MethodGroupsHelper.collectMethodsByGroup() took 0 ms.
['INFO ]2023-09-11 06:14:02,394(yyyy-MM-ddHH:mm:ss.SSS][main]org.testng.internal.Utils1)-[Utils] MethodGroupsHelper.sortMethods() took 0 ms.
['INFO ]2023-09-11 06:14:02,395(yyyy-MM-ddHH:mm:ss.SSS][main]org.testng.internal.Utils1)-[Utils] MethodGroupsHelper.collectMethodsByGroup() took 0 ms.
['INFO ]2023-09-11 06:14:02,395(yyyy-MM-ddHH:mm:ss.SSS][main]org.testng.internal.Utils1)-[Utils] MethodGroupsHelper.sortMethods() took 0 ms.
['INFO ]2023-09-11 06:14:02,395(yyyy-MM-ddHH:mm:ss.SSS][main]org.testng.internal.Utils1)-[Utils] MethodGroupsHelper.collectMethodsByGroup() took 0 ms.
['INFO ]2023-09-11 06:14:02,395(yyyy-MM-ddHH:mm:ss.SSS][main]org.testng.internal.Utils1)-[Utils] MethodGroupsHelper.sortMethods() took 0 ms.
['INFO ]2023-09-11 06:14:02,398(yyyy-MM-ddHH:mm:ss.SSS][main]org.testng.internal.Utils1)-[Utils] MethodGroupsHelper.collectMethodsByGroup() took 2 ms.
['INFO ]2023-09-11 06:14:02,398(yyyy-MM-ddHH:mm:ss.SSS][main]org.testng.internal.Utils1)-[Utils] MethodGroupsHelper.sortMethods() took 0 ms.
['INFO ]2023-09-11 06:14:02,400(yyyy-MM-ddHH:mm:ss.SSS][main]org.testng.internal.Utils1)-[Utils] MethodGroupsHelper.collectMethodsByGroup() took 0 ms.
['INFO ]2023-09-11 06:14:02,400(yyyy-MM-ddHH:mm:ss.SSS][main]org.testng.internal.Utils1)-[Utils] MethodGroupsHelper.sortMethods() took 0 ms.
['INFO ]2023-09-11 06:14:02,400(yyyy-MM-ddHH:mm:ss.SSS][main]org.testng.internal.Utils1)-[Utils] MethodGroupsHelper.collectMethodsByGroup() took 0 ms.
['INFO ]2023-09-11 06:14:02,400(yyyy-MM-ddHH:mm:ss.SSS][main]org.testng.internal.Utils1)-[Utils] MethodGroupsHelper.sortMethods() took 0 ms.
['INFO ]2023-09-11 06:14:02,408(yyyy-MM-ddHH:mm:ss.SSS][main]org.testng.internal.Utils1)-[TestNG] Running:
  C:\Users\indra\AppData\Local\Temp\testng-eclipse--740523617\testng-customsuite.xml

['INFO ]2023-09-11 06:14:02,425(yyyy-MM-ddHH:mm:ss.SSS][main]org.testng.internal.Utils1)-[Utils] DynamicGraphHelper.createDynamicGraph() took 4 ms.
['WARN ]2023-09-11 06:14:02,888(yyyy-MM-ddHH:mm:ss.SSS][main]org.testng.internal.Utils1)-The test method 'io.cucumber.testng.AbstractTestNGCucumberTests.runScenario' will be skipped since its data provider 'scenarios' returned an empty array or iterator. 
['INFO ]2023-09-11 06:14:02,923(yyyy-MM-ddHH:mm:ss.SSS][main]org.testng.internal.Utils1)-[TestNG] Time taken by org.testng.internal.ExitCodeListener@327c7bea: 0 ms
['INFO ]2023-09-11 06:14:02,943(yyyy-MM-ddHH:mm:ss.SSS][main]org.testng.internal.Utils1)-[TestNG] Time taken by org.testng.reporters.SuiteHTMLReporter@31464a43: 18 ms
['INFO ]2023-09-11 06:14:02,993(yyyy-MM-ddHH:mm:ss.SSS][main]org.testng.internal.Utils1)-[TestNG] Time taken by org.testng.reporters.jq.Main@31133b6e: 50 ms
['INFO ]2023-09-11 06:14:02,994(yyyy-MM-ddHH:mm:ss.SSS][main]org.testng.internal.Utils1)-[TestNG] Time taken by org.testng.reporters.FailedReporter@29528a22: 1 ms
['INFO ]2023-09-11 06:14:03,009(yyyy-MM-ddHH:mm:ss.SSS][main]org.testng.internal.Utils1)-[TestNG] Time taken by org.testng.reporters.XMLReporter@64a4dd8d: 14 ms
['INFO ]2023-09-11 06:14:03,015(yyyy-MM-ddHH:mm:ss.SSS][main]org.testng.internal.Utils1)-[TestNG] Time taken by org.testng.reporters.EmailableReporter2@58a63629: 6 ms
['INFO ]2023-09-11 06:14:03,026(yyyy-MM-ddHH:mm:ss.SSS][main]org.testng.internal.Utils1)-[TestNG] Time taken by org.testng.reporters.JUnitReportReporter@ab20d7c: 10 ms
['INFO ]2023-09-11 07:13:05,840(yyyy-MM-ddHH:mm:ss.SSS][main]org.testng.internal.Utils1)-[Utils] MethodGroupsHelper.collectMethodsByGroup() took 0 ms.
['INFO ]2023-09-11 07:13:05,844(yyyy-MM-ddHH:mm:ss.SSS][main]org.testng.internal.Utils1)-[Utils] MethodGroupsHelper.sortMethods() took 1 ms.
['INFO ]2023-09-11 07:13:05,846(yyyy-MM-ddHH:mm:ss.SSS][main]org.testng.internal.Utils1)-[Utils] MethodGroupsHelper.collectMethodsByGroup() took 0 ms.
['INFO ]2023-09-11 07:13:05,846(yyyy-MM-ddHH:mm:ss.SSS][main]org.testng.internal.Utils1)-[Utils] MethodGroupsHelper.sortMethods() took 0 ms.
['INFO ]2023-09-11 07:13:05,847(yyyy-MM-ddHH:mm:ss.SSS][main]org.testng.internal.Utils1)-[Utils] MethodGroupsHelper.collectMethodsByGroup() took 0 ms.
['INFO ]2023-09-11 07:13:05,848(yyyy-MM-ddHH:mm:ss.SSS][main]org.testng.internal.Utils1)-[Utils] MethodGroupsHelper.sortMethods() took 0 ms.
['INFO ]2023-09-11 07:13:05,849(yyyy-MM-ddHH:mm:ss.SSS][main]org.testng.internal.Utils1)-[Utils] MethodGroupsHelper.collectMethodsByGroup() took 0 ms.
['INFO ]2023-09-11 07:13:05,849(yyyy-MM-ddHH:mm:ss.SSS][main]org.testng.internal.Utils1)-[Utils] MethodGroupsHelper.sortMethods() took 0 ms.
['INFO ]2023-09-11 07:13:05,851(yyyy-MM-ddHH:mm:ss.SSS][main]org.testng.internal.Utils1)-[Utils] MethodGroupsHelper.collectMethodsByGroup() took 1 ms.
['INFO ]2023-09-11 07:13:05,857(yyyy-MM-ddHH:mm:ss.SSS][main]org.testng.internal.Utils1)-[Utils] MethodGroupsHelper.sortMethods() took 5 ms.
['INFO ]2023-09-11 07:13:05,859(yyyy-MM-ddHH:mm:ss.SSS][main]org.testng.internal.Utils1)-[Utils] MethodGroupsHelper.collectMethodsByGroup() took 0 ms.
['INFO ]2023-09-11 07:13:05,860(yyyy-MM-ddHH:mm:ss.SSS][main]org.testng.internal.Utils1)-[Utils] MethodGroupsHelper.sortMethods() took 0 ms.
['INFO ]2023-09-11 07:13:05,862(yyyy-MM-ddHH:mm:ss.SSS][main]org.testng.internal.Utils1)-[Utils] MethodGroupsHelper.collectMethodsByGroup() took 0 ms.
['INFO ]2023-09-11 07:13:05,862(yyyy-MM-ddHH:mm:ss.SSS][main]org.testng.internal.Utils1)-[Utils] MethodGroupsHelper.sortMethods() took 0 ms.
['INFO ]2023-09-11 07:13:05,863(yyyy-MM-ddHH:mm:ss.SSS][main]org.testng.internal.Utils1)-[Utils] MethodGroupsHelper.collectMethodsByGroup() took 0 ms.
['INFO ]2023-09-11 07:13:05,863(yyyy-MM-ddHH:mm:ss.SSS][main]org.testng.internal.Utils1)-[Utils] MethodGroupsHelper.sortMethods() took 0 ms.
['INFO ]2023-09-11 07:13:05,865(yyyy-MM-ddHH:mm:ss.SSS][main]org.testng.internal.Utils1)-[Utils] MethodGroupsHelper.collectMethodsByGroup() took 0 ms.
['INFO ]2023-09-11 07:13:05,865(yyyy-MM-ddHH:mm:ss.SSS][main]org.testng.internal.Utils1)-[Utils] MethodGroupsHelper.sortMethods() took 0 ms.
['INFO ]2023-09-11 07:13:05,866(yyyy-MM-ddHH:mm:ss.SSS][main]org.testng.internal.Utils1)-[Utils] MethodGroupsHelper.collectMethodsByGroup() took 0 ms.
['INFO ]2023-09-11 07:13:05,866(yyyy-MM-ddHH:mm:ss.SSS][main]org.testng.internal.Utils1)-[Utils] MethodGroupsHelper.sortMethods() took 0 ms.
['INFO ]2023-09-11 07:13:05,867(yyyy-MM-ddHH:mm:ss.SSS][main]org.testng.internal.Utils1)-[Utils] MethodGroupsHelper.collectMethodsByGroup() took 0 ms.
['INFO ]2023-09-11 07:13:05,867(yyyy-MM-ddHH:mm:ss.SSS][main]org.testng.internal.Utils1)-[Utils] MethodGroupsHelper.sortMethods() took 0 ms.
['INFO ]2023-09-11 07:13:05,868(yyyy-MM-ddHH:mm:ss.SSS][main]org.testng.internal.Utils1)-[Utils] MethodGroupsHelper.collectMethodsByGroup() took 0 ms.
['INFO ]2023-09-11 07:13:05,868(yyyy-MM-ddHH:mm:ss.SSS][main]org.testng.internal.Utils1)-[Utils] MethodGroupsHelper.sortMethods() took 0 ms.
['INFO ]2023-09-11 07:13:05,870(yyyy-MM-ddHH:mm:ss.SSS][main]org.testng.internal.Utils1)-[Utils] MethodGroupsHelper.collectMethodsByGroup() took 1 ms.
['INFO ]2023-09-11 07:13:05,871(yyyy-MM-ddHH:mm:ss.SSS][main]org.testng.internal.Utils1)-[Utils] MethodGroupsHelper.sortMethods() took 0 ms.
['INFO ]2023-09-11 07:13:05,873(yyyy-MM-ddHH:mm:ss.SSS][main]org.testng.internal.Utils1)-[Utils] MethodGroupsHelper.collectMethodsByGroup() took 0 ms.
['INFO ]2023-09-11 07:13:05,873(yyyy-MM-ddHH:mm:ss.SSS][main]org.testng.internal.Utils1)-[Utils] MethodGroupsHelper.sortMethods() took 0 ms.
['INFO ]2023-09-11 07:13:05,874(yyyy-MM-ddHH:mm:ss.SSS][main]org.testng.internal.Utils1)-[Utils] MethodGroupsHelper.collectMethodsByGroup() took 0 ms.
['INFO ]2023-09-11 07:13:05,875(yyyy-MM-ddHH:mm:ss.SSS][main]org.testng.internal.Utils1)-[Utils] MethodGroupsHelper.sortMethods() took 0 ms.
['INFO ]2023-09-11 07:13:05,881(yyyy-MM-ddHH:mm:ss.SSS][main]org.testng.internal.Utils1)-[TestNG] Running:
  C:\Users\indra\AppData\Local\Temp\testng-eclipse-1607699611\testng-customsuite.xml

['INFO ]2023-09-11 07:13:05,898(yyyy-MM-ddHH:mm:ss.SSS][main]org.testng.internal.Utils1)-[Utils] DynamicGraphHelper.createDynamicGraph() took 4 ms.
['WARN ]2023-09-11 07:13:06,309(yyyy-MM-ddHH:mm:ss.SSS][main]org.testng.internal.Utils1)-The test method 'io.cucumber.testng.AbstractTestNGCucumberTests.runScenario' will be skipped since its data provider 'scenarios' returned an empty array or iterator. 
['INFO ]2023-09-11 07:13:06,343(yyyy-MM-ddHH:mm:ss.SSS][main]org.testng.internal.Utils1)-[TestNG] Time taken by org.testng.internal.ExitCodeListener@327c7bea: 0 ms
['INFO ]2023-09-11 07:13:06,363(yyyy-MM-ddHH:mm:ss.SSS][main]org.testng.internal.Utils1)-[TestNG] Time taken by org.testng.reporters.SuiteHTMLReporter@31464a43: 20 ms
['INFO ]2023-09-11 07:13:06,402(yyyy-MM-ddHH:mm:ss.SSS][main]org.testng.internal.Utils1)-[TestNG] Time taken by org.testng.reporters.jq.Main@31133b6e: 39 ms
['INFO ]2023-09-11 07:13:06,403(yyyy-MM-ddHH:mm:ss.SSS][main]org.testng.internal.Utils1)-[TestNG] Time taken by org.testng.reporters.FailedReporter@29528a22: 1 ms
['INFO ]2023-09-11 07:13:06,414(yyyy-MM-ddHH:mm:ss.SSS][main]org.testng.internal.Utils1)-[TestNG] Time taken by org.testng.reporters.XMLReporter@64a4dd8d: 11 ms
['INFO ]2023-09-11 07:13:06,422(yyyy-MM-ddHH:mm:ss.SSS][main]org.testng.internal.Utils1)-[TestNG] Time taken by org.testng.reporters.EmailableReporter2@58a63629: 6 ms
['INFO ]2023-09-11 07:13:06,430(yyyy-MM-ddHH:mm:ss.SSS][main]org.testng.internal.Utils1)-[TestNG] Time taken by org.testng.reporters.JUnitReportReporter@ab20d7c: 8 ms
['INFO ]2023-09-11 07:22:20,916(yyyy-MM-ddHH:mm:ss.SSS][main]org.testng.internal.Utils1)-[Utils] MethodGroupsHelper.collectMethodsByGroup() took 0 ms.
['INFO ]2023-09-11 07:22:20,920(yyyy-MM-ddHH:mm:ss.SSS][main]org.testng.internal.Utils1)-[Utils] MethodGroupsHelper.sortMethods() took 1 ms.
['INFO ]2023-09-11 07:22:20,922(yyyy-MM-ddHH:mm:ss.SSS][main]org.testng.internal.Utils1)-[Utils] MethodGroupsHelper.collectMethodsByGroup() took 0 ms.
['INFO ]2023-09-11 07:22:20,922(yyyy-MM-ddHH:mm:ss.SSS][main]org.testng.internal.Utils1)-[Utils] MethodGroupsHelper.sortMethods() took 0 ms.
['INFO ]2023-09-11 07:22:20,923(yyyy-MM-ddHH:mm:ss.SSS][main]org.testng.internal.Utils1)-[Utils] MethodGroupsHelper.collectMethodsByGroup() took 0 ms.
['INFO ]2023-09-11 07:22:20,923(yyyy-MM-ddHH:mm:ss.SSS][main]org.testng.internal.Utils1)-[Utils] MethodGroupsHelper.sortMethods() took 0 ms.
['INFO ]2023-09-11 07:22:20,923(yyyy-MM-ddHH:mm:ss.SSS][main]org.testng.internal.Utils1)-[Utils] MethodGroupsHelper.collectMethodsByGroup() took 0 ms.
['INFO ]2023-09-11 07:22:20,924(yyyy-MM-ddHH:mm:ss.SSS][main]org.testng.internal.Utils1)-[Utils] MethodGroupsHelper.sortMethods() took 0 ms.
['INFO ]2023-09-11 07:22:20,925(yyyy-MM-ddHH:mm:ss.SSS][main]org.testng.internal.Utils1)-[Utils] MethodGroupsHelper.collectMethodsByGroup() took 0 ms.
['INFO ]2023-09-11 07:22:20,933(yyyy-MM-ddHH:mm:ss.SSS][main]org.testng.internal.Utils1)-[Utils] MethodGroupsHelper.sortMethods() took 6 ms.
['INFO ]2023-09-11 07:22:20,934(yyyy-MM-ddHH:mm:ss.SSS][main]org.testng.internal.Utils1)-[Utils] MethodGroupsHelper.collectMethodsByGroup() took 0 ms.
['INFO ]2023-09-11 07:22:20,935(yyyy-MM-ddHH:mm:ss.SSS][main]org.testng.internal.Utils1)-[Utils] MethodGroupsHelper.sortMethods() took 1 ms.
['INFO ]2023-09-11 07:22:20,936(yyyy-MM-ddHH:mm:ss.SSS][main]org.testng.internal.Utils1)-[Utils] MethodGroupsHelper.collectMethodsByGroup() took 0 ms.
['INFO ]2023-09-11 07:22:20,936(yyyy-MM-ddHH:mm:ss.SSS][main]org.testng.internal.Utils1)-[Utils] MethodGroupsHelper.sortMethods() took 0 ms.
['INFO ]2023-09-11 07:22:20,936(yyyy-MM-ddHH:mm:ss.SSS][main]org.testng.internal.Utils1)-[Utils] MethodGroupsHelper.collectMethodsByGroup() took 0 ms.
['INFO ]2023-09-11 07:22:20,937(yyyy-MM-ddHH:mm:ss.SSS][main]org.testng.internal.Utils1)-[Utils] MethodGroupsHelper.sortMethods() took 0 ms.
['INFO ]2023-09-11 07:22:20,939(yyyy-MM-ddHH:mm:ss.SSS][main]org.testng.internal.Utils1)-[Utils] MethodGroupsHelper.collectMethodsByGroup() took 0 ms.
['INFO ]2023-09-11 07:22:20,939(yyyy-MM-ddHH:mm:ss.SSS][main]org.testng.internal.Utils1)-[Utils] MethodGroupsHelper.sortMethods() took 0 ms.
['INFO ]2023-09-11 07:22:20,940(yyyy-MM-ddHH:mm:ss.SSS][main]org.testng.internal.Utils1)-[Utils] MethodGroupsHelper.collectMethodsByGroup() took 0 ms.
['INFO ]2023-09-11 07:22:20,940(yyyy-MM-ddHH:mm:ss.SSS][main]org.testng.internal.Utils1)-[Utils] MethodGroupsHelper.sortMethods() took 0 ms.
['INFO ]2023-09-11 07:22:20,941(yyyy-MM-ddHH:mm:ss.SSS][main]org.testng.internal.Utils1)-[Utils] MethodGroupsHelper.collectMethodsByGroup() took 0 ms.
['INFO ]2023-09-11 07:22:20,941(yyyy-MM-ddHH:mm:ss.SSS][main]org.testng.internal.Utils1)-[Utils] MethodGroupsHelper.sortMethods() took 0 ms.
['INFO ]2023-09-11 07:22:20,941(yyyy-MM-ddHH:mm:ss.SSS][main]org.testng.internal.Utils1)-[Utils] MethodGroupsHelper.collectMethodsByGroup() took 0 ms.
['INFO ]2023-09-11 07:22:20,942(yyyy-MM-ddHH:mm:ss.SSS][main]org.testng.internal.Utils1)-[Utils] MethodGroupsHelper.sortMethods() took 0 ms.
['INFO ]2023-09-11 07:22:20,946(yyyy-MM-ddHH:mm:ss.SSS][main]org.testng.internal.Utils1)-[Utils] MethodGroupsHelper.collectMethodsByGroup() took 2 ms.
['INFO ]2023-09-11 07:22:20,947(yyyy-MM-ddHH:mm:ss.SSS][main]org.testng.internal.Utils1)-[Utils] MethodGroupsHelper.sortMethods() took 1 ms.
['INFO ]2023-09-11 07:22:20,948(yyyy-MM-ddHH:mm:ss.SSS][main]org.testng.internal.Utils1)-[Utils] MethodGroupsHelper.collectMethodsByGroup() took 0 ms.
['INFO ]2023-09-11 07:22:20,948(yyyy-MM-ddHH:mm:ss.SSS][main]org.testng.internal.Utils1)-[Utils] MethodGroupsHelper.sortMethods() took 0 ms.
['INFO ]2023-09-11 07:22:20,948(yyyy-MM-ddHH:mm:ss.SSS][main]org.testng.internal.Utils1)-[Utils] MethodGroupsHelper.collectMethodsByGroup() took 0 ms.
['INFO ]2023-09-11 07:22:20,948(yyyy-MM-ddHH:mm:ss.SSS][main]org.testng.internal.Utils1)-[Utils] MethodGroupsHelper.sortMethods() took 0 ms.
['INFO ]2023-09-11 07:22:20,954(yyyy-MM-ddHH:mm:ss.SSS][main]org.testng.internal.Utils1)-[TestNG] Running:
  C:\Users\indra\AppData\Local\Temp\testng-eclipse-822378368\testng-customsuite.xml

['INFO ]2023-09-11 07:22:20,970(yyyy-MM-ddHH:mm:ss.SSS][main]org.testng.internal.Utils1)-[Utils] DynamicGraphHelper.createDynamicGraph() took 2 ms.
['WARN ]2023-09-11 07:22:21,397(yyyy-MM-ddHH:mm:ss.SSS][main]org.testng.internal.Utils1)-The test method 'io.cucumber.testng.AbstractTestNGCucumberTests.runScenario' will be skipped since its data provider 'scenarios' returned an empty array or iterator. 
['INFO ]2023-09-11 07:22:21,451(yyyy-MM-ddHH:mm:ss.SSS][main]org.testng.internal.Utils1)-[TestNG] Time taken by org.testng.internal.ExitCodeListener@327c7bea: 0 ms
['INFO ]2023-09-11 07:22:21,472(yyyy-MM-ddHH:mm:ss.SSS][main]org.testng.internal.Utils1)-[TestNG] Time taken by org.testng.reporters.SuiteHTMLReporter@31464a43: 20 ms
['INFO ]2023-09-11 07:22:21,520(yyyy-MM-ddHH:mm:ss.SSS][main]org.testng.internal.Utils1)-[TestNG] Time taken by org.testng.reporters.jq.Main@31133b6e: 47 ms
['INFO ]2023-09-11 07:22:21,521(yyyy-MM-ddHH:mm:ss.SSS][main]org.testng.internal.Utils1)-[TestNG] Time taken by org.testng.reporters.FailedReporter@29528a22: 1 ms
['INFO ]2023-09-11 07:22:21,535(yyyy-MM-ddHH:mm:ss.SSS][main]org.testng.internal.Utils1)-[TestNG] Time taken by org.testng.reporters.XMLReporter@64a4dd8d: 14 ms
['INFO ]2023-09-11 07:22:21,540(yyyy-MM-ddHH:mm:ss.SSS][main]org.testng.internal.Utils1)-[TestNG] Time taken by org.testng.reporters.EmailableReporter2@58a63629: 5 ms
['INFO ]2023-09-11 07:22:21,552(yyyy-MM-ddHH:mm:ss.SSS][main]org.testng.internal.Utils1)-[TestNG] Time taken by org.testng.reporters.JUnitReportReporter@ab20d7c: 12 ms
['INFO ]2023-09-11 07:25:35,335(yyyy-MM-ddHH:mm:ss.SSS][main]org.testng.internal.Utils1)-[Utils] MethodGroupsHelper.collectMethodsByGroup() took 0 ms.
['INFO ]2023-09-11 07:25:35,339(yyyy-MM-ddHH:mm:ss.SSS][main]org.testng.internal.Utils1)-[Utils] MethodGroupsHelper.sortMethods() took 1 ms.
['INFO ]2023-09-11 07:25:35,340(yyyy-MM-ddHH:mm:ss.SSS][main]org.testng.internal.Utils1)-[Utils] MethodGroupsHelper.collectMethodsByGroup() took 0 ms.
['INFO ]2023-09-11 07:25:35,340(yyyy-MM-ddHH:mm:ss.SSS][main]org.testng.internal.Utils1)-[Utils] MethodGroupsHelper.sortMethods() took 0 ms.
['INFO ]2023-09-11 07:25:35,341(yyyy-MM-ddHH:mm:ss.SSS][main]org.testng.internal.Utils1)-[Utils] MethodGroupsHelper.collectMethodsByGroup() took 0 ms.
['INFO ]2023-09-11 07:25:35,341(yyyy-MM-ddHH:mm:ss.SSS][main]org.testng.internal.Utils1)-[Utils] MethodGroupsHelper.sortMethods() took 0 ms.
['INFO ]2023-09-11 07:25:35,342(yyyy-MM-ddHH:mm:ss.SSS][main]org.testng.internal.Utils1)-[Utils] MethodGroupsHelper.collectMethodsByGroup() took 0 ms.
['INFO ]2023-09-11 07:25:35,343(yyyy-MM-ddHH:mm:ss.SSS][main]org.testng.internal.Utils1)-[Utils] MethodGroupsHelper.sortMethods() took 0 ms.
['INFO ]2023-09-11 07:25:35,344(yyyy-MM-ddHH:mm:ss.SSS][main]org.testng.internal.Utils1)-[Utils] MethodGroupsHelper.collectMethodsByGroup() took 0 ms.
['INFO ]2023-09-11 07:25:35,352(yyyy-MM-ddHH:mm:ss.SSS][main]org.testng.internal.Utils1)-[Utils] MethodGroupsHelper.sortMethods() took 6 ms.
['INFO ]2023-09-11 07:25:35,353(yyyy-MM-ddHH:mm:ss.SSS][main]org.testng.internal.Utils1)-[Utils] MethodGroupsHelper.collectMethodsByGroup() took 0 ms.
['INFO ]2023-09-11 07:25:35,354(yyyy-MM-ddHH:mm:ss.SSS][main]org.testng.internal.Utils1)-[Utils] MethodGroupsHelper.sortMethods() took 1 ms.
['INFO ]2023-09-11 07:25:35,355(yyyy-MM-ddHH:mm:ss.SSS][main]org.testng.internal.Utils1)-[Utils] MethodGroupsHelper.collectMethodsByGroup() took 0 ms.
['INFO ]2023-09-11 07:25:35,355(yyyy-MM-ddHH:mm:ss.SSS][main]org.testng.internal.Utils1)-[Utils] MethodGroupsHelper.sortMethods() took 0 ms.
['INFO ]2023-09-11 07:25:35,356(yyyy-MM-ddHH:mm:ss.SSS][main]org.testng.internal.Utils1)-[Utils] MethodGroupsHelper.collectMethodsByGroup() took 0 ms.
['INFO ]2023-09-11 07:25:35,356(yyyy-MM-ddHH:mm:ss.SSS][main]org.testng.internal.Utils1)-[Utils] MethodGroupsHelper.sortMethods() took 0 ms.
['INFO ]2023-09-11 07:25:35,359(yyyy-MM-ddHH:mm:ss.SSS][main]org.testng.internal.Utils1)-[Utils] MethodGroupsHelper.collectMethodsByGroup() took 0 ms.
['INFO ]2023-09-11 07:25:35,359(yyyy-MM-ddHH:mm:ss.SSS][main]org.testng.internal.Utils1)-[Utils] MethodGroupsHelper.sortMethods() took 0 ms.
['INFO ]2023-09-11 07:25:35,359(yyyy-MM-ddHH:mm:ss.SSS][main]org.testng.internal.Utils1)-[Utils] MethodGroupsHelper.collectMethodsByGroup() took 0 ms.
['INFO ]2023-09-11 07:25:35,360(yyyy-MM-ddHH:mm:ss.SSS][main]org.testng.internal.Utils1)-[Utils] MethodGroupsHelper.sortMethods() took 0 ms.
['INFO ]2023-09-11 07:25:35,360(yyyy-MM-ddHH:mm:ss.SSS][main]org.testng.internal.Utils1)-[Utils] MethodGroupsHelper.collectMethodsByGroup() took 0 ms.
['INFO ]2023-09-11 07:25:35,361(yyyy-MM-ddHH:mm:ss.SSS][main]org.testng.internal.Utils1)-[Utils] MethodGroupsHelper.sortMethods() took 0 ms.
['INFO ]2023-09-11 07:25:35,361(yyyy-MM-ddHH:mm:ss.SSS][main]org.testng.internal.Utils1)-[Utils] MethodGroupsHelper.collectMethodsByGroup() took 0 ms.
['INFO ]2023-09-11 07:25:35,361(yyyy-MM-ddHH:mm:ss.SSS][main]org.testng.internal.Utils1)-[Utils] MethodGroupsHelper.sortMethods() took 0 ms.
['INFO ]2023-09-11 07:25:35,366(yyyy-MM-ddHH:mm:ss.SSS][main]org.testng.internal.Utils1)-[Utils] MethodGroupsHelper.collectMethodsByGroup() took 2 ms.
['INFO ]2023-09-11 07:25:35,366(yyyy-MM-ddHH:mm:ss.SSS][main]org.testng.internal.Utils1)-[Utils] MethodGroupsHelper.sortMethods() took 0 ms.
['INFO ]2023-09-11 07:25:35,367(yyyy-MM-ddHH:mm:ss.SSS][main]org.testng.internal.Utils1)-[Utils] MethodGroupsHelper.collectMethodsByGroup() took 0 ms.
['INFO ]2023-09-11 07:25:35,368(yyyy-MM-ddHH:mm:ss.SSS][main]org.testng.internal.Utils1)-[Utils] MethodGroupsHelper.sortMethods() took 0 ms.
['INFO ]2023-09-11 07:25:35,368(yyyy-MM-ddHH:mm:ss.SSS][main]org.testng.internal.Utils1)-[Utils] MethodGroupsHelper.collectMethodsByGroup() took 0 ms.
['INFO ]2023-09-11 07:25:35,368(yyyy-MM-ddHH:mm:ss.SSS][main]org.testng.internal.Utils1)-[Utils] MethodGroupsHelper.sortMethods() took 0 ms.
['INFO ]2023-09-11 07:25:35,374(yyyy-MM-ddHH:mm:ss.SSS][main]org.testng.internal.Utils1)-[TestNG] Running:
  C:\Users\indra\AppData\Local\Temp\testng-eclipse-341535833\testng-customsuite.xml

['INFO ]2023-09-11 07:25:35,389(yyyy-MM-ddHH:mm:ss.SSS][main]org.testng.internal.Utils1)-[Utils] DynamicGraphHelper.createDynamicGraph() took 2 ms.
['WARN ]2023-09-11 07:25:35,841(yyyy-MM-ddHH:mm:ss.SSS][main]org.testng.internal.Utils1)-The test method 'io.cucumber.testng.AbstractTestNGCucumberTests.runScenario' will be skipped since its data provider 'scenarios' returned an empty array or iterator. 
['INFO ]2023-09-11 07:25:35,897(yyyy-MM-ddHH:mm:ss.SSS][main]org.testng.internal.Utils1)-[TestNG] Time taken by org.testng.internal.ExitCodeListener@327c7bea: 0 ms
['INFO ]2023-09-11 07:25:35,919(yyyy-MM-ddHH:mm:ss.SSS][main]org.testng.internal.Utils1)-[TestNG] Time taken by org.testng.reporters.SuiteHTMLReporter@31464a43: 22 ms
['INFO ]2023-09-11 07:25:35,966(yyyy-MM-ddHH:mm:ss.SSS][main]org.testng.internal.Utils1)-[TestNG] Time taken by org.testng.reporters.jq.Main@31133b6e: 47 ms
['INFO ]2023-09-11 07:25:35,967(yyyy-MM-ddHH:mm:ss.SSS][main]org.testng.internal.Utils1)-[TestNG] Time taken by org.testng.reporters.FailedReporter@29528a22: 1 ms
['INFO ]2023-09-11 07:25:35,981(yyyy-MM-ddHH:mm:ss.SSS][main]org.testng.internal.Utils1)-[TestNG] Time taken by org.testng.reporters.XMLReporter@64a4dd8d: 13 ms
['INFO ]2023-09-11 07:25:36,001(yyyy-MM-ddHH:mm:ss.SSS][main]org.testng.internal.Utils1)-[TestNG] Time taken by org.testng.reporters.EmailableReporter2@58a63629: 19 ms
['INFO ]2023-09-11 07:25:36,007(yyyy-MM-ddHH:mm:ss.SSS][main]org.testng.internal.Utils1)-[TestNG] Time taken by org.testng.reporters.JUnitReportReporter@ab20d7c: 6 ms
['INFO ]2023-09-11 07:26:19,962(yyyy-MM-ddHH:mm:ss.SSS][main]org.testng.internal.Utils1)-[Utils] MethodGroupsHelper.collectMethodsByGroup() took 0 ms.
['INFO ]2023-09-11 07:26:19,966(yyyy-MM-ddHH:mm:ss.SSS][main]org.testng.internal.Utils1)-[Utils] MethodGroupsHelper.sortMethods() took 0 ms.
['INFO ]2023-09-11 07:26:19,968(yyyy-MM-ddHH:mm:ss.SSS][main]org.testng.internal.Utils1)-[Utils] MethodGroupsHelper.collectMethodsByGroup() took 0 ms.
['INFO ]2023-09-11 07:26:19,968(yyyy-MM-ddHH:mm:ss.SSS][main]org.testng.internal.Utils1)-[Utils] MethodGroupsHelper.sortMethods() took 0 ms.
['INFO ]2023-09-11 07:26:19,968(yyyy-MM-ddHH:mm:ss.SSS][main]org.testng.internal.Utils1)-[Utils] MethodGroupsHelper.collectMethodsByGroup() took 0 ms.
['INFO ]2023-09-11 07:26:19,969(yyyy-MM-ddHH:mm:ss.SSS][main]org.testng.internal.Utils1)-[Utils] MethodGroupsHelper.sortMethods() took 0 ms.
['INFO ]2023-09-11 07:26:19,969(yyyy-MM-ddHH:mm:ss.SSS][main]org.testng.internal.Utils1)-[Utils] MethodGroupsHelper.collectMethodsByGroup() took 0 ms.
['INFO ]2023-09-11 07:26:19,969(yyyy-MM-ddHH:mm:ss.SSS][main]org.testng.internal.Utils1)-[Utils] MethodGroupsHelper.sortMethods() took 0 ms.
['INFO ]2023-09-11 07:26:19,971(yyyy-MM-ddHH:mm:ss.SSS][main]org.testng.internal.Utils1)-[Utils] MethodGroupsHelper.collectMethodsByGroup() took 1 ms.
['INFO ]2023-09-11 07:26:19,978(yyyy-MM-ddHH:mm:ss.SSS][main]org.testng.internal.Utils1)-[Utils] MethodGroupsHelper.sortMethods() took 6 ms.
['INFO ]2023-09-11 07:26:19,980(yyyy-MM-ddHH:mm:ss.SSS][main]org.testng.internal.Utils1)-[Utils] MethodGroupsHelper.collectMethodsByGroup() took 0 ms.
['INFO ]2023-09-11 07:26:19,980(yyyy-MM-ddHH:mm:ss.SSS][main]org.testng.internal.Utils1)-[Utils] MethodGroupsHelper.sortMethods() took 0 ms.
['INFO ]2023-09-11 07:26:19,981(yyyy-MM-ddHH:mm:ss.SSS][main]org.testng.internal.Utils1)-[Utils] MethodGroupsHelper.collectMethodsByGroup() took 0 ms.
['INFO ]2023-09-11 07:26:19,981(yyyy-MM-ddHH:mm:ss.SSS][main]org.testng.internal.Utils1)-[Utils] MethodGroupsHelper.sortMethods() took 0 ms.
['INFO ]2023-09-11 07:26:19,981(yyyy-MM-ddHH:mm:ss.SSS][main]org.testng.internal.Utils1)-[Utils] MethodGroupsHelper.collectMethodsByGroup() took 0 ms.
['INFO ]2023-09-11 07:26:19,982(yyyy-MM-ddHH:mm:ss.SSS][main]org.testng.internal.Utils1)-[Utils] MethodGroupsHelper.sortMethods() took 0 ms.
['INFO ]2023-09-11 07:26:19,983(yyyy-MM-ddHH:mm:ss.SSS][main]org.testng.internal.Utils1)-[Utils] MethodGroupsHelper.collectMethodsByGroup() took 0 ms.
['INFO ]2023-09-11 07:26:19,983(yyyy-MM-ddHH:mm:ss.SSS][main]org.testng.internal.Utils1)-[Utils] MethodGroupsHelper.sortMethods() took 0 ms.
['INFO ]2023-09-11 07:26:19,984(yyyy-MM-ddHH:mm:ss.SSS][main]org.testng.internal.Utils1)-[Utils] MethodGroupsHelper.collectMethodsByGroup() took 0 ms.
['INFO ]2023-09-11 07:26:19,984(yyyy-MM-ddHH:mm:ss.SSS][main]org.testng.internal.Utils1)-[Utils] MethodGroupsHelper.sortMethods() took 0 ms.
['INFO ]2023-09-11 07:26:19,985(yyyy-MM-ddHH:mm:ss.SSS][main]org.testng.internal.Utils1)-[Utils] MethodGroupsHelper.collectMethodsByGroup() took 0 ms.
['INFO ]2023-09-11 07:26:19,985(yyyy-MM-ddHH:mm:ss.SSS][main]org.testng.internal.Utils1)-[Utils] MethodGroupsHelper.sortMethods() took 0 ms.
['INFO ]2023-09-11 07:26:19,986(yyyy-MM-ddHH:mm:ss.SSS][main]org.testng.internal.Utils1)-[Utils] MethodGroupsHelper.collectMethodsByGroup() took 0 ms.
['INFO ]2023-09-11 07:26:19,986(yyyy-MM-ddHH:mm:ss.SSS][main]org.testng.internal.Utils1)-[Utils] MethodGroupsHelper.sortMethods() took 0 ms.
['INFO ]2023-09-11 07:26:19,989(yyyy-MM-ddHH:mm:ss.SSS][main]org.testng.internal.Utils1)-[Utils] MethodGroupsHelper.collectMethodsByGroup() took 1 ms.
['INFO ]2023-09-11 07:26:19,992(yyyy-MM-ddHH:mm:ss.SSS][main]org.testng.internal.Utils1)-[Utils] MethodGroupsHelper.sortMethods() took 0 ms.
['INFO ]2023-09-11 07:26:19,994(yyyy-MM-ddHH:mm:ss.SSS][main]org.testng.internal.Utils1)-[Utils] MethodGroupsHelper.collectMethodsByGroup() took 0 ms.
['INFO ]2023-09-11 07:26:19,994(yyyy-MM-ddHH:mm:ss.SSS][main]org.testng.internal.Utils1)-[Utils] MethodGroupsHelper.sortMethods() took 0 ms.
['INFO ]2023-09-11 07:26:19,994(yyyy-MM-ddHH:mm:ss.SSS][main]org.testng.internal.Utils1)-[Utils] MethodGroupsHelper.collectMethodsByGroup() took 0 ms.
['INFO ]2023-09-11 07:26:19,994(yyyy-MM-ddHH:mm:ss.SSS][main]org.testng.internal.Utils1)-[Utils] MethodGroupsHelper.sortMethods() took 0 ms.
['INFO ]2023-09-11 07:26:20,000(yyyy-MM-ddHH:mm:ss.SSS][main]org.testng.internal.Utils1)-[TestNG] Running:
  C:\Users\indra\AppData\Local\Temp\testng-eclipse--18512517\testng-customsuite.xml

['INFO ]2023-09-11 07:26:20,018(yyyy-MM-ddHH:mm:ss.SSS][main]org.testng.internal.Utils1)-[Utils] DynamicGraphHelper.createDynamicGraph() took 3 ms.
['WARN ]2023-09-11 07:26:20,416(yyyy-MM-ddHH:mm:ss.SSS][main]org.testng.internal.Utils1)-The test method 'io.cucumber.testng.AbstractTestNGCucumberTests.runScenario' will be skipped since its data provider 'scenarios' returned an empty array or iterator. 
['INFO ]2023-09-11 07:26:20,461(yyyy-MM-ddHH:mm:ss.SSS][main]org.testng.internal.Utils1)-[TestNG] Time taken by org.testng.internal.ExitCodeListener@327c7bea: 0 ms
['INFO ]2023-09-11 07:26:20,484(yyyy-MM-ddHH:mm:ss.SSS][main]org.testng.internal.Utils1)-[TestNG] Time taken by org.testng.reporters.SuiteHTMLReporter@31464a43: 22 ms
['INFO ]2023-09-11 07:26:20,520(yyyy-MM-ddHH:mm:ss.SSS][main]org.testng.internal.Utils1)-[TestNG] Time taken by org.testng.reporters.jq.Main@31133b6e: 36 ms
['INFO ]2023-09-11 07:26:20,521(yyyy-MM-ddHH:mm:ss.SSS][main]org.testng.internal.Utils1)-[TestNG] Time taken by org.testng.reporters.FailedReporter@29528a22: 0 ms
['INFO ]2023-09-11 07:26:20,533(yyyy-MM-ddHH:mm:ss.SSS][main]org.testng.internal.Utils1)-[TestNG] Time taken by org.testng.reporters.XMLReporter@64a4dd8d: 12 ms
['INFO ]2023-09-11 07:26:20,537(yyyy-MM-ddHH:mm:ss.SSS][main]org.testng.internal.Utils1)-[TestNG] Time taken by org.testng.reporters.EmailableReporter2@58a63629: 4 ms
['INFO ]2023-09-11 07:26:20,544(yyyy-MM-ddHH:mm:ss.SSS][main]org.testng.internal.Utils1)-[TestNG] Time taken by org.testng.reporters.JUnitReportReporter@ab20d7c: 7 ms
['INFO ]2023-09-11 10:26:44,625(yyyy-MM-ddHH:mm:ss.SSS][main]io.github.bonigarcia.wdm.WebDriverManager1)-Using chromedriver 116.0.5845.96 (resolved driver for Chrome 116)
['INFO ]2023-09-11 10:26:44,644(yyyy-MM-ddHH:mm:ss.SSS][main]io.github.bonigarcia.wdm.WebDriverManager1)-Exporting webdriver.chrome.driver as C:\Users\indra\.cache\selenium\chromedriver\win64\116.0.5845.96\chromedriver.exe
['INFO ]2023-09-11 10:27:14,200(yyyy-MM-ddHH:mm:ss.SSS][main]io.github.bonigarcia.wdm.WebDriverManager1)-Using chromedriver 116.0.5845.96 (resolved driver for Chrome 116)
['INFO ]2023-09-11 10:27:14,224(yyyy-MM-ddHH:mm:ss.SSS][main]io.github.bonigarcia.wdm.WebDriverManager1)-Exporting webdriver.chrome.driver as C:\Users\indra\.cache\selenium\chromedriver\win64\116.0.5845.96\chromedriver.exe
['INFO ]2023-09-11 10:30:16,000(yyyy-MM-ddHH:mm:ss.SSS][main]io.github.bonigarcia.wdm.WebDriverManager1)-Using chromedriver 116.0.5845.96 (resolved driver for Chrome 116)
['INFO ]2023-09-11 10:30:16,021(yyyy-MM-ddHH:mm:ss.SSS][main]io.github.bonigarcia.wdm.WebDriverManager1)-Exporting webdriver.chrome.driver as C:\Users\indra\.cache\selenium\chromedriver\win64\116.0.5845.96\chromedriver.exe
['INFO ]2023-09-11 10:31:16,151(yyyy-MM-ddHH:mm:ss.SSS][main]io.github.bonigarcia.wdm.WebDriverManager1)-Using chromedriver 116.0.5845.96 (resolved driver for Chrome 116)
['INFO ]2023-09-11 10:31:16,172(yyyy-MM-ddHH:mm:ss.SSS][main]io.github.bonigarcia.wdm.WebDriverManager1)-Exporting webdriver.chrome.driver as C:\Users\indra\.cache\selenium\chromedriver\win64\116.0.5845.96\chromedriver.exe
['INFO ]2023-09-11 10:31:58,080(yyyy-MM-ddHH:mm:ss.SSS][main]io.github.bonigarcia.wdm.WebDriverManager1)-Using chromedriver 116.0.5845.96 (resolved driver for Chrome 116)
['INFO ]2023-09-11 10:31:58,103(yyyy-MM-ddHH:mm:ss.SSS][main]io.github.bonigarcia.wdm.WebDriverManager1)-Exporting webdriver.chrome.driver as C:\Users\indra\.cache\selenium\chromedriver\win64\116.0.5845.96\chromedriver.exe
['INFO ]2023-09-11 10:34:40,856(yyyy-MM-ddHH:mm:ss.SSS][main]io.github.bonigarcia.wdm.WebDriverManager1)-Using chromedriver 116.0.5845.96 (resolved driver for Chrome 116)
['INFO ]2023-09-11 10:34:40,876(yyyy-MM-ddHH:mm:ss.SSS][main]io.github.bonigarcia.wdm.WebDriverManager1)-Exporting webdriver.chrome.driver as C:\Users\indra\.cache\selenium\chromedriver\win64\116.0.5845.96\chromedriver.exe
['INFO ]2023-09-11 10:35:24,155(yyyy-MM-ddHH:mm:ss.SSS][main]io.github.bonigarcia.wdm.WebDriverManager1)-Using chromedriver 116.0.5845.96 (resolved driver for Chrome 116)
['INFO ]2023-09-11 10:35:24,175(yyyy-MM-ddHH:mm:ss.SSS][main]io.github.bonigarcia.wdm.WebDriverManager1)-Exporting webdriver.chrome.driver as C:\Users\indra\.cache\selenium\chromedriver\win64\116.0.5845.96\chromedriver.exe
['INFO ]2023-09-11 10:37:11,404(yyyy-MM-ddHH:mm:ss.SSS][main]io.github.bonigarcia.wdm.WebDriverManager1)-Using chromedriver 116.0.5845.96 (resolved driver for Chrome 116)
['INFO ]2023-09-11 10:37:11,425(yyyy-MM-ddHH:mm:ss.SSS][main]io.github.bonigarcia.wdm.WebDriverManager1)-Exporting webdriver.chrome.driver as C:\Users\indra\.cache\selenium\chromedriver\win64\116.0.5845.96\chromedriver.exe
['INFO ]2023-09-11 10:43:00,759(yyyy-MM-ddHH:mm:ss.SSS][main]io.github.bonigarcia.wdm.WebDriverManager1)-Using chromedriver 116.0.5845.96 (resolved driver for Chrome 116)
['INFO ]2023-09-11 10:43:00,780(yyyy-MM-ddHH:mm:ss.SSS][main]io.github.bonigarcia.wdm.WebDriverManager1)-Exporting webdriver.chrome.driver as C:\Users\indra\.cache\selenium\chromedriver\win64\116.0.5845.96\chromedriver.exe
['INFO ]2023-09-11 10:44:58,553(yyyy-MM-ddHH:mm:ss.SSS][main]io.github.bonigarcia.wdm.WebDriverManager1)-Using chromedriver 116.0.5845.96 (resolved driver for Chrome 116)
['INFO ]2023-09-11 10:44:58,577(yyyy-MM-ddHH:mm:ss.SSS][main]io.github.bonigarcia.wdm.WebDriverManager1)-Exporting webdriver.chrome.driver as C:\Users\indra\.cache\selenium\chromedriver\win64\116.0.5845.96\chromedriver.exe
['INFO ]2023-09-11 10:47:01,218(yyyy-MM-ddHH:mm:ss.SSS][main]io.github.bonigarcia.wdm.WebDriverManager1)-Using chromedriver 116.0.5845.96 (resolved driver for Chrome 116)
['INFO ]2023-09-11 10:47:01,240(yyyy-MM-ddHH:mm:ss.SSS][main]io.github.bonigarcia.wdm.WebDriverManager1)-Exporting webdriver.chrome.driver as C:\Users\indra\.cache\selenium\chromedriver\win64\116.0.5845.96\chromedriver.exe
['INFO ]2023-09-11 10:48:09,629(yyyy-MM-ddHH:mm:ss.SSS][main]io.github.bonigarcia.wdm.WebDriverManager1)-Using chromedriver 116.0.5845.96 (resolved driver for Chrome 116)
['INFO ]2023-09-11 10:48:09,693(yyyy-MM-ddHH:mm:ss.SSS][main]io.github.bonigarcia.wdm.WebDriverManager1)-Exporting webdriver.chrome.driver as C:\Users\indra\.cache\selenium\chromedriver\win64\116.0.5845.96\chromedriver.exe
['INFO ]2023-09-11 10:48:41,849(yyyy-MM-ddHH:mm:ss.SSS][main]io.github.bonigarcia.wdm.WebDriverManager1)-Using chromedriver 116.0.5845.96 (resolved driver for Chrome 116)
['INFO ]2023-09-11 10:48:41,885(yyyy-MM-ddHH:mm:ss.SSS][main]io.github.bonigarcia.wdm.WebDriverManager1)-Exporting webdriver.chrome.driver as C:\Users\indra\.cache\selenium\chromedriver\win64\116.0.5845.96\chromedriver.exe
['INFO ]2023-09-11 10:51:13,804(yyyy-MM-ddHH:mm:ss.SSS][main]io.github.bonigarcia.wdm.WebDriverManager1)-Using chromedriver 116.0.5845.96 (resolved driver for Chrome 116)
['INFO ]2023-09-11 10:51:13,856(yyyy-MM-ddHH:mm:ss.SSS][main]io.github.bonigarcia.wdm.WebDriverManager1)-Exporting webdriver.chrome.driver as C:\Users\indra\.cache\selenium\chromedriver\win64\116.0.5845.96\chromedriver.exe
['INFO ]2023-09-11 10:52:40,864(yyyy-MM-ddHH:mm:ss.SSS][main]io.github.bonigarcia.wdm.WebDriverManager1)-Using chromedriver 116.0.5845.96 (resolved driver for Chrome 116)
['INFO ]2023-09-11 10:52:40,892(yyyy-MM-ddHH:mm:ss.SSS][main]io.github.bonigarcia.wdm.WebDriverManager1)-Exporting webdriver.chrome.driver as C:\Users\indra\.cache\selenium\chromedriver\win64\116.0.5845.96\chromedriver.exe
['INFO ]2023-09-11 10:56:40,778(yyyy-MM-ddHH:mm:ss.SSS][main]io.github.bonigarcia.wdm.WebDriverManager1)-Using chromedriver 116.0.5845.96 (resolved driver for Chrome 116)
['INFO ]2023-09-11 10:56:40,842(yyyy-MM-ddHH:mm:ss.SSS][main]io.github.bonigarcia.wdm.WebDriverManager1)-Exporting webdriver.chrome.driver as C:\Users\indra\.cache\selenium\chromedriver\win64\116.0.5845.96\chromedriver.exe
['INFO ]2023-09-11 10:58:14,125(yyyy-MM-ddHH:mm:ss.SSS][main]io.github.bonigarcia.wdm.WebDriverManager1)-Using chromedriver 116.0.5845.96 (resolved driver for Chrome 116)
['INFO ]2023-09-11 10:58:14,192(yyyy-MM-ddHH:mm:ss.SSS][main]io.github.bonigarcia.wdm.WebDriverManager1)-Exporting webdriver.chrome.driver as C:\Users\indra\.cache\selenium\chromedriver\win64\116.0.5845.96\chromedriver.exe
['INFO ]2023-09-11 11:01:25,897(yyyy-MM-ddHH:mm:ss.SSS][main]io.github.bonigarcia.wdm.WebDriverManager1)-Using chromedriver 116.0.5845.96 (resolved driver for Chrome 116)
['INFO ]2023-09-11 11:01:25,920(yyyy-MM-ddHH:mm:ss.SSS][main]io.github.bonigarcia.wdm.WebDriverManager1)-Exporting webdriver.chrome.driver as C:\Users\indra\.cache\selenium\chromedriver\win64\116.0.5845.96\chromedriver.exe
['INFO ]2023-09-11 11:05:54,345(yyyy-MM-ddHH:mm:ss.SSS][main]io.github.bonigarcia.wdm.WebDriverManager1)-Using chromedriver 116.0.5845.96 (resolved driver for Chrome 116)
['INFO ]2023-09-11 11:05:54,390(yyyy-MM-ddHH:mm:ss.SSS][main]io.github.bonigarcia.wdm.WebDriverManager1)-Exporting webdriver.chrome.driver as C:\Users\indra\.cache\selenium\chromedriver\win64\116.0.5845.96\chromedriver.exe
['INFO ]2023-09-11 11:07:02,838(yyyy-MM-ddHH:mm:ss.SSS][main]io.github.bonigarcia.wdm.WebDriverManager1)-Using chromedriver 116.0.5845.96 (resolved driver for Chrome 116)
['INFO ]2023-09-11 11:07:02,865(yyyy-MM-ddHH:mm:ss.SSS][main]io.github.bonigarcia.wdm.WebDriverManager1)-Exporting webdriver.chrome.driver as C:\Users\indra\.cache\selenium\chromedriver\win64\116.0.5845.96\chromedriver.exe
['INFO ]2023-09-11 11:07:36,004(yyyy-MM-ddHH:mm:ss.SSS][main]io.github.bonigarcia.wdm.WebDriverManager1)-Using chromedriver 116.0.5845.96 (resolved driver for Chrome 116)
['INFO ]2023-09-11 11:07:36,033(yyyy-MM-ddHH:mm:ss.SSS][main]io.github.bonigarcia.wdm.WebDriverManager1)-Exporting webdriver.chrome.driver as C:\Users\indra\.cache\selenium\chromedriver\win64\116.0.5845.96\chromedriver.exe
['INFO ]2023-09-11 11:13:43,629(yyyy-MM-ddHH:mm:ss.SSS][main]io.github.bonigarcia.wdm.WebDriverManager1)-Using chromedriver 116.0.5845.96 (resolved driver for Chrome 116)
['INFO ]2023-09-11 11:13:43,653(yyyy-MM-ddHH:mm:ss.SSS][main]io.github.bonigarcia.wdm.WebDriverManager1)-Exporting webdriver.chrome.driver as C:\Users\indra\.cache\selenium\chromedriver\win64\116.0.5845.96\chromedriver.exe
['WARN ]2023-09-11 11:13:45,605(yyyy-MM-ddHH:mm:ss.SSS][AsyncHttpClient-1-4]org.asynchttpclient.netty.handler.WebSocketHandler1)-onError
java.net.SocketException: Connection reset
	at sun.nio.ch.SocketChannelImpl.throwConnectionReset(SocketChannelImpl.java:401) ~[?:?]
	at sun.nio.ch.SocketChannelImpl.read(SocketChannelImpl.java:434) ~[?:?]
	at io.netty.buffer.PooledByteBuf.setBytes(PooledByteBuf.java:256) ~[netty-buffer-4.1.92.Final.jar:4.1.92.Final]
	at io.netty.buffer.AbstractByteBuf.writeBytes(AbstractByteBuf.java:1132) ~[netty-buffer-4.1.92.Final.jar:4.1.92.Final]
	at io.netty.channel.socket.nio.NioSocketChannel.doReadBytes(NioSocketChannel.java:357) ~[netty-transport-4.1.92.Final.jar:4.1.92.Final]
	at io.netty.channel.nio.AbstractNioByteChannel$NioByteUnsafe.read(AbstractNioByteChannel.java:151) ~[netty-transport-4.1.92.Final.jar:4.1.92.Final]
	at io.netty.channel.nio.NioEventLoop.processSelectedKey(NioEventLoop.java:788) ~[netty-transport-4.1.92.Final.jar:4.1.92.Final]
	at io.netty.channel.nio.NioEventLoop.processSelectedKeysOptimized(NioEventLoop.java:724) ~[netty-transport-4.1.92.Final.jar:4.1.92.Final]
	at io.netty.channel.nio.NioEventLoop.processSelectedKeys(NioEventLoop.java:650) ~[netty-transport-4.1.92.Final.jar:4.1.92.Final]
	at io.netty.channel.nio.NioEventLoop.run(NioEventLoop.java:562) ~[netty-transport-4.1.92.Final.jar:4.1.92.Final]
	at io.netty.util.concurrent.SingleThreadEventExecutor$4.run(SingleThreadEventExecutor.java:997) ~[netty-common-4.1.92.Final.jar:4.1.92.Final]
	at io.netty.util.internal.ThreadExecutorMap$2.run(ThreadExecutorMap.java:74) ~[netty-common-4.1.92.Final.jar:4.1.92.Final]
	at io.netty.util.concurrent.FastThreadLocalRunnable.run(FastThreadLocalRunnable.java:30) ~[netty-common-4.1.92.Final.jar:4.1.92.Final]
	at java.lang.Thread.run(Thread.java:1623) [?:?]
['INFO ]2023-09-11 11:14:33,927(yyyy-MM-ddHH:mm:ss.SSS][main]io.github.bonigarcia.wdm.WebDriverManager1)-Using chromedriver 116.0.5845.96 (resolved driver for Chrome 116)
['INFO ]2023-09-11 11:14:33,964(yyyy-MM-ddHH:mm:ss.SSS][main]io.github.bonigarcia.wdm.WebDriverManager1)-Exporting webdriver.chrome.driver as C:\Users\indra\.cache\selenium\chromedriver\win64\116.0.5845.96\chromedriver.exe
['WARN ]2023-09-11 11:14:35,883(yyyy-MM-ddHH:mm:ss.SSS][AsyncHttpClient-1-4]org.asynchttpclient.netty.handler.WebSocketHandler1)-onError
java.net.SocketException: Connection reset
	at sun.nio.ch.SocketChannelImpl.throwConnectionReset(SocketChannelImpl.java:401) ~[?:?]
	at sun.nio.ch.SocketChannelImpl.read(SocketChannelImpl.java:434) ~[?:?]
	at io.netty.buffer.PooledByteBuf.setBytes(PooledByteBuf.java:256) ~[netty-buffer-4.1.92.Final.jar:4.1.92.Final]
	at io.netty.buffer.AbstractByteBuf.writeBytes(AbstractByteBuf.java:1132) ~[netty-buffer-4.1.92.Final.jar:4.1.92.Final]
	at io.netty.channel.socket.nio.NioSocketChannel.doReadBytes(NioSocketChannel.java:357) ~[netty-transport-4.1.92.Final.jar:4.1.92.Final]
	at io.netty.channel.nio.AbstractNioByteChannel$NioByteUnsafe.read(AbstractNioByteChannel.java:151) ~[netty-transport-4.1.92.Final.jar:4.1.92.Final]
	at io.netty.channel.nio.NioEventLoop.processSelectedKey(NioEventLoop.java:788) ~[netty-transport-4.1.92.Final.jar:4.1.92.Final]
	at io.netty.channel.nio.NioEventLoop.processSelectedKeysOptimized(NioEventLoop.java:724) ~[netty-transport-4.1.92.Final.jar:4.1.92.Final]
	at io.netty.channel.nio.NioEventLoop.processSelectedKeys(NioEventLoop.java:650) ~[netty-transport-4.1.92.Final.jar:4.1.92.Final]
	at io.netty.channel.nio.NioEventLoop.run(NioEventLoop.java:562) ~[netty-transport-4.1.92.Final.jar:4.1.92.Final]
	at io.netty.util.concurrent.SingleThreadEventExecutor$4.run(SingleThreadEventExecutor.java:997) ~[netty-common-4.1.92.Final.jar:4.1.92.Final]
	at io.netty.util.internal.ThreadExecutorMap$2.run(ThreadExecutorMap.java:74) ~[netty-common-4.1.92.Final.jar:4.1.92.Final]
	at io.netty.util.concurrent.FastThreadLocalRunnable.run(FastThreadLocalRunnable.java:30) ~[netty-common-4.1.92.Final.jar:4.1.92.Final]
	at java.lang.Thread.run(Thread.java:1623) [?:?]
['INFO ]2023-09-11 11:15:43,248(yyyy-MM-ddHH:mm:ss.SSS][main]io.github.bonigarcia.wdm.WebDriverManager1)-Using chromedriver 116.0.5845.96 (resolved driver for Chrome 116)
['INFO ]2023-09-11 11:15:43,290(yyyy-MM-ddHH:mm:ss.SSS][main]io.github.bonigarcia.wdm.WebDriverManager1)-Exporting webdriver.chrome.driver as C:\Users\indra\.cache\selenium\chromedriver\win64\116.0.5845.96\chromedriver.exe
['INFO ]2023-09-11 11:16:04,103(yyyy-MM-ddHH:mm:ss.SSS][main]io.github.bonigarcia.wdm.WebDriverManager1)-Using chromedriver 116.0.5845.96 (resolved driver for Chrome 116)
['INFO ]2023-09-11 11:16:04,142(yyyy-MM-ddHH:mm:ss.SSS][main]io.github.bonigarcia.wdm.WebDriverManager1)-Exporting webdriver.chrome.driver as C:\Users\indra\.cache\selenium\chromedriver\win64\116.0.5845.96\chromedriver.exe
['INFO ]2023-09-11 11:16:30,994(yyyy-MM-ddHH:mm:ss.SSS][main]io.github.bonigarcia.wdm.WebDriverManager1)-Using chromedriver 116.0.5845.96 (resolved driver for Chrome 116)
['INFO ]2023-09-11 11:16:31,018(yyyy-MM-ddHH:mm:ss.SSS][main]io.github.bonigarcia.wdm.WebDriverManager1)-Exporting webdriver.chrome.driver as C:\Users\indra\.cache\selenium\chromedriver\win64\116.0.5845.96\chromedriver.exe
['INFO ]2023-09-11 11:18:13,902(yyyy-MM-ddHH:mm:ss.SSS][main]io.github.bonigarcia.wdm.WebDriverManager1)-Using chromedriver 116.0.5845.96 (resolved driver for Chrome 116)
['INFO ]2023-09-11 11:18:13,929(yyyy-MM-ddHH:mm:ss.SSS][main]io.github.bonigarcia.wdm.WebDriverManager1)-Exporting webdriver.chrome.driver as C:\Users\indra\.cache\selenium\chromedriver\win64\116.0.5845.96\chromedriver.exe
['INFO ]2023-09-11 11:19:42,638(yyyy-MM-ddHH:mm:ss.SSS][main]io.github.bonigarcia.wdm.WebDriverManager1)-Using chromedriver 116.0.5845.96 (resolved driver for Chrome 116)
['INFO ]2023-09-11 11:19:42,661(yyyy-MM-ddHH:mm:ss.SSS][main]io.github.bonigarcia.wdm.WebDriverManager1)-Exporting webdriver.chrome.driver as C:\Users\indra\.cache\selenium\chromedriver\win64\116.0.5845.96\chromedriver.exe
['INFO ]2023-09-11 11:20:06,688(yyyy-MM-ddHH:mm:ss.SSS][main]io.github.bonigarcia.wdm.WebDriverManager1)-Using chromedriver 116.0.5845.96 (resolved driver for Chrome 116)
['INFO ]2023-09-11 11:20:06,713(yyyy-MM-ddHH:mm:ss.SSS][main]io.github.bonigarcia.wdm.WebDriverManager1)-Exporting webdriver.chrome.driver as C:\Users\indra\.cache\selenium\chromedriver\win64\116.0.5845.96\chromedriver.exe
['WARN ]2023-09-11 11:20:08,588(yyyy-MM-ddHH:mm:ss.SSS][AsyncHttpClient-1-4]org.asynchttpclient.netty.handler.WebSocketHandler1)-onError
java.net.SocketException: Connection reset
	at sun.nio.ch.SocketChannelImpl.throwConnectionReset(SocketChannelImpl.java:401) ~[?:?]
	at sun.nio.ch.SocketChannelImpl.read(SocketChannelImpl.java:434) ~[?:?]
	at io.netty.buffer.PooledByteBuf.setBytes(PooledByteBuf.java:256) ~[netty-buffer-4.1.92.Final.jar:4.1.92.Final]
	at io.netty.buffer.AbstractByteBuf.writeBytes(AbstractByteBuf.java:1132) ~[netty-buffer-4.1.92.Final.jar:4.1.92.Final]
	at io.netty.channel.socket.nio.NioSocketChannel.doReadBytes(NioSocketChannel.java:357) ~[netty-transport-4.1.92.Final.jar:4.1.92.Final]
	at io.netty.channel.nio.AbstractNioByteChannel$NioByteUnsafe.read(AbstractNioByteChannel.java:151) ~[netty-transport-4.1.92.Final.jar:4.1.92.Final]
	at io.netty.channel.nio.NioEventLoop.processSelectedKey(NioEventLoop.java:788) ~[netty-transport-4.1.92.Final.jar:4.1.92.Final]
	at io.netty.channel.nio.NioEventLoop.processSelectedKeysOptimized(NioEventLoop.java:724) ~[netty-transport-4.1.92.Final.jar:4.1.92.Final]
	at io.netty.channel.nio.NioEventLoop.processSelectedKeys(NioEventLoop.java:650) ~[netty-transport-4.1.92.Final.jar:4.1.92.Final]
	at io.netty.channel.nio.NioEventLoop.run(NioEventLoop.java:562) ~[netty-transport-4.1.92.Final.jar:4.1.92.Final]
	at io.netty.util.concurrent.SingleThreadEventExecutor$4.run(SingleThreadEventExecutor.java:997) ~[netty-common-4.1.92.Final.jar:4.1.92.Final]
	at io.netty.util.internal.ThreadExecutorMap$2.run(ThreadExecutorMap.java:74) ~[netty-common-4.1.92.Final.jar:4.1.92.Final]
	at io.netty.util.concurrent.FastThreadLocalRunnable.run(FastThreadLocalRunnable.java:30) ~[netty-common-4.1.92.Final.jar:4.1.92.Final]
	at java.lang.Thread.run(Thread.java:1623) [?:?]
['INFO ]2023-09-11 11:21:23,088(yyyy-MM-ddHH:mm:ss.SSS][main]io.github.bonigarcia.wdm.WebDriverManager1)-Using chromedriver 116.0.5845.96 (resolved driver for Chrome 116)
['INFO ]2023-09-11 11:21:23,120(yyyy-MM-ddHH:mm:ss.SSS][main]io.github.bonigarcia.wdm.WebDriverManager1)-Exporting webdriver.chrome.driver as C:\Users\indra\.cache\selenium\chromedriver\win64\116.0.5845.96\chromedriver.exe
