{"uuid":"5be78224-18ff-46d1-be16-319b1ae1be79","historyId":"7540407d1ccc9054a2dfc7575a594975","fullName":"Add New Class: Validate date picker","labels":[{"name":"host","value":"Shaunenoch"},{"name":"thread","value":"8596@Shaunenoch.main(1)"},{"name":"feature","value":"Add New Class"},{"name":"story","value":"Validate date picker"},{"name":"suite","value":"Add New Class"},{"name":"testClass","value":"Validate date picker"},{"name":"framework","value":"cucumber4jvm"},{"name":"language","value":"java"},{"name":"gherkin_uri","value":"file:///C:/Users/shaun/eclipse-workspace/Team5_CucumberSlicers_LMS/src/test/resources/Features_LMS/ClassFeature/ClassFeature4.feature"},{"name":"package","value":"src.test.resources.Features_LMS.ClassFeature.ClassFeature4_feature.Add New Class"}],"links":[],"name":"Validate date picker","status":"failed","statusDetails":{"known":false,"muted":false,"flaky":false,"message":"expected [https://lms.herokuapp.com/dashboard] but found [https://lms.herokuapp.com/addclass]","trace":"java.lang.AssertionError: expected [https://lms.herokuapp.com/dashboard] but found [https://lms.herokuapp.com/addclass]\r\n\tat org.testng.Assert.fail(Assert.java:110)\r\n\tat org.testng.Assert.failNotEquals(Assert.java:1577)\r\n\tat org.testng.Assert.assertEqualsImpl(Assert.java:149)\r\n\tat org.testng.Assert.assertEquals(Assert.java:131)\r\n\tat org.testng.Assert.assertEquals(Assert.java:655)\r\n\tat org.testng.Assert.assertEquals(Assert.java:665)\r\n\tat StepDefinition_LMS.Class_StepDefinition.admin_is_in_class_detail_popup_window(Class_StepDefinition.java:612)\r\n\tat ✽.Admin is in  class detail popup window(file:///C:/Users/shaun/eclipse-workspace/Team5_CucumberSlicers_LMS/src/test/resources/Features_LMS/ClassFeature/ClassFeature4.feature:84)\r\n"},"stage":"finished","steps":[{"name":"Given  Admin is in  class detail popup window","status":"failed","statusDetails":{"known":false,"muted":false,"flaky":false,"message":"expected [https://lms.herokuapp.com/dashboard] but found [https://lms.herokuapp.com/addclass]","trace":"java.lang.AssertionError: expected [https://lms.herokuapp.com/dashboard] but found [https://lms.herokuapp.com/addclass]\r\n\tat org.testng.Assert.fail(Assert.java:110)\r\n\tat org.testng.Assert.failNotEquals(Assert.java:1577)\r\n\tat org.testng.Assert.assertEqualsImpl(Assert.java:149)\r\n\tat org.testng.Assert.assertEquals(Assert.java:131)\r\n\tat org.testng.Assert.assertEquals(Assert.java:655)\r\n\tat org.testng.Assert.assertEquals(Assert.java:665)\r\n\tat StepDefinition_LMS.Class_StepDefinition.admin_is_in_class_detail_popup_window(Class_StepDefinition.java:612)\r\n\tat ✽.Admin is in  class detail popup window(file:///C:/Users/shaun/eclipse-workspace/Team5_CucumberSlicers_LMS/src/test/resources/Features_LMS/ClassFeature/ClassFeature4.feature:84)\r\n"},"stage":"finished","steps":[],"attachments":[],"parameters":[],"start":1694578034680,"stop":1694578034694},{"name":"When  Admin clicks date from date picker from \"Class\" and 1","status":"skipped","statusDetails":{"known":false,"muted":false,"flaky":false},"stage":"finished","steps":[],"attachments":[],"parameters":[],"start":1694578034694,"stop":1694578034694},{"name":"Then  selected date should be their in class date text box","status":"skipped","statusDetails":{"known":false,"muted":false,"flaky":false},"stage":"finished","steps":[],"attachments":[],"parameters":[],"start":1694578034694,"stop":1694578034694}],"attachments":[],"parameters":[{"name":"SheetName","value":"Class"},{"name":"RowNumber","value":"1"}],"start":1694578034680,"stop":1694578034694}