{"uuid":"9a43c4d5-af4e-40e2-b68c-74b261faa909","historyId":"37b9285ecd4ef6efe52f106854507a8b","fullName":"Delete multiple class validation: Verify reject alert in delete multiple class function by selecting multiple checkbox","labels":[{"name":"host","value":"Shaunenoch"},{"name":"thread","value":"8596@Shaunenoch.main(1)"},{"name":"feature","value":"Delete multiple class validation"},{"name":"story","value":"Verify reject alert in delete multiple class function by selecting multiple checkbox"},{"name":"suite","value":"Delete multiple class validation"},{"name":"testClass","value":"Verify reject alert in delete multiple class function by selecting multiple checkbox"},{"name":"framework","value":"cucumber4jvm"},{"name":"language","value":"java"},{"name":"gherkin_uri","value":"file:///C:/Users/shaun/eclipse-workspace/Team5_CucumberSlicers_LMS/src/test/resources/Features_LMS/ClassFeature/ClassFeature7.feature"},{"name":"package","value":"src.test.resources.Features_LMS.ClassFeature.ClassFeature7_feature.Delete multiple class validation"}],"links":[],"name":"Verify reject alert in delete multiple class function by selecting multiple checkbox","status":"broken","statusDetails":{"known":false,"muted":false,"flaky":false,"message":"invalid selector: Unable to locate an element with the xpath expression //*[@id=’delete’]/tbody/tr[2]/td[11] because of the following error:\nSyntaxError: Failed to execute 'evaluate' on 'Document': The string '//*[@id=’delete’]/tbody/tr[2]/td[11]' is not a valid XPath expression.\n  (Session info: chrome=116.0.5845.182)\nFor documentation on this error, please visit: https://www.selenium.dev/documentation/webdriver/troubleshooting/errors#invalid-selector-exception\nBuild info: version: '4.10.0', revision: 'c14d967899'\nSystem info: os.name: 'Windows 11', os.arch: 'amd64', os.version: '10.0', java.version: '19.0.2'\nDriver info: org.openqa.selenium.chrome.ChromeDriver\nCommand: [e5cdeec5ee0c8d3c1a3212aaad3cae90, findElement {using=xpath, value=//*[@id=’delete’]/tbody/tr[2]/td[11]}]\nCapabilities {acceptInsecureCerts: false, browserName: chrome, browserVersion: 116.0.5845.182, chrome: {chromedriverVersion: 116.0.5845.96 (1a3918166880..., userDataDir: C:\\Users\\shaun\\AppData\\Loca...}, fedcm:accounts: true, goog:chromeOptions: {debuggerAddress: localhost:49859}, networkConnectionEnabled: false, pageLoadStrategy: normal, platformName: windows, proxy: Proxy(), se:cdp: ws://localhost:49859/devtoo..., se:cdpVersion: 116.0.5845.182, setWindowRect: true, strictFileInteractability: false, timeouts: {implicit: 0, pageLoad: 300000, script: 30000}, unhandledPromptBehavior: dismiss and notify, webauthn:extension:credBlob: true, webauthn:extension:largeBlob: true, webauthn:extension:minPinLength: true, webauthn:extension:prf: true, webauthn:virtualAuthenticators: true}\nSession ID: e5cdeec5ee0c8d3c1a3212aaad3cae90","trace":"org.openqa.selenium.InvalidSelectorException: invalid selector: Unable to locate an element with the xpath expression //*[@id=’delete’]/tbody/tr[2]/td[11] because of the following error:\nSyntaxError: Failed to execute 'evaluate' on 'Document': The string '//*[@id=’delete’]/tbody/tr[2]/td[11]' is not a valid XPath expression.\n  (Session info: chrome=116.0.5845.182)\nFor documentation on this error, please visit: https://www.selenium.dev/documentation/webdriver/troubleshooting/errors#invalid-selector-exception\nBuild info: version: '4.10.0', revision: 'c14d967899'\nSystem info: os.name: 'Windows 11', os.arch: 'amd64', os.version: '10.0', java.version: '19.0.2'\nDriver info: org.openqa.selenium.chrome.ChromeDriver\nCommand: [e5cdeec5ee0c8d3c1a3212aaad3cae90, findElement {using=xpath, value=//*[@id=’delete’]/tbody/tr[2]/td[11]}]\nCapabilities {acceptInsecureCerts: false, browserName: chrome, browserVersion: 116.0.5845.182, chrome: {chromedriverVersion: 116.0.5845.96 (1a3918166880..., userDataDir: C:\\Users\\shaun\\AppData\\Loca...}, fedcm:accounts: true, goog:chromeOptions: {debuggerAddress: localhost:49859}, networkConnectionEnabled: false, pageLoadStrategy: normal, platformName: windows, proxy: Proxy(), se:cdp: ws://localhost:49859/devtoo..., se:cdpVersion: 116.0.5845.182, setWindowRect: true, strictFileInteractability: false, timeouts: {implicit: 0, pageLoad: 300000, script: 30000}, unhandledPromptBehavior: dismiss and notify, webauthn:extension:credBlob: true, webauthn:extension:largeBlob: true, webauthn:extension:minPinLength: true, webauthn:extension:prf: true, webauthn:virtualAuthenticators: true}\nSession ID: e5cdeec5ee0c8d3c1a3212aaad3cae90\r\n\tat java.base/jdk.internal.reflect.DirectConstructorHandleAccessor.newInstance(DirectConstructorHandleAccessor.java:67)\r\n\tat java.base/java.lang.reflect.Constructor.newInstanceWithCaller(Constructor.java:500)\r\n\tat java.base/java.lang.reflect.Constructor.newInstance(Constructor.java:484)\r\n\tat org.openqa.selenium.remote.codec.w3c.W3CHttpResponseCodec.createException(W3CHttpResponseCodec.java:199)\r\n\tat org.openqa.selenium.remote.codec.w3c.W3CHttpResponseCodec.decode(W3CHttpResponseCodec.java:132)\r\n\tat org.openqa.selenium.remote.codec.w3c.W3CHttpResponseCodec.decode(W3CHttpResponseCodec.java:51)\r\n\tat org.openqa.selenium.remote.HttpCommandExecutor.execute(HttpCommandExecutor.java:191)\r\n\tat org.openqa.selenium.remote.service.DriverCommandExecutor.invokeExecute(DriverCommandExecutor.java:196)\r\n\tat org.openqa.selenium.remote.service.DriverCommandExecutor.execute(DriverCommandExecutor.java:171)\r\n\tat org.openqa.selenium.remote.RemoteWebDriver.execute(RemoteWebDriver.java:531)\r\n\tat org.openqa.selenium.remote.ElementLocation$ElementFinder$2.findElement(ElementLocation.java:165)\r\n\tat org.openqa.selenium.remote.ElementLocation.findElement(ElementLocation.java:59)\r\n\tat org.openqa.selenium.remote.RemoteWebDriver.findElement(RemoteWebDriver.java:350)\r\n\tat org.openqa.selenium.remote.RemoteWebDriver.findElement(RemoteWebDriver.java:344)\r\n\tat POM_LMS.Class_PageObject.Click_Delete(Class_PageObject.java:651)\r\n\tat StepDefinition_LMS.Class_StepDefinition.admin_is_in_delete_alert(Class_StepDefinition.java:1162)\r\n\tat ✽.Admin is in delete alert(file:///C:/Users/shaun/eclipse-workspace/Team5_CucumberSlicers_LMS/src/test/resources/Features_LMS/ClassFeature/ClassFeature7.feature:46)\r\n"},"stage":"finished","steps":[{"name":"Given  Admin is in delete alert","status":"broken","statusDetails":{"known":false,"muted":false,"flaky":false,"message":"invalid selector: Unable to locate an element with the xpath expression //*[@id=’delete’]/tbody/tr[2]/td[11] because of the following error:\nSyntaxError: Failed to execute 'evaluate' on 'Document': The string '//*[@id=’delete’]/tbody/tr[2]/td[11]' is not a valid XPath expression.\n  (Session info: chrome=116.0.5845.182)\nFor documentation on this error, please visit: https://www.selenium.dev/documentation/webdriver/troubleshooting/errors#invalid-selector-exception\nBuild info: version: '4.10.0', revision: 'c14d967899'\nSystem info: os.name: 'Windows 11', os.arch: 'amd64', os.version: '10.0', java.version: '19.0.2'\nDriver info: org.openqa.selenium.chrome.ChromeDriver\nCommand: [e5cdeec5ee0c8d3c1a3212aaad3cae90, findElement {using=xpath, value=//*[@id=’delete’]/tbody/tr[2]/td[11]}]\nCapabilities {acceptInsecureCerts: false, browserName: chrome, browserVersion: 116.0.5845.182, chrome: {chromedriverVersion: 116.0.5845.96 (1a3918166880..., userDataDir: C:\\Users\\shaun\\AppData\\Loca...}, fedcm:accounts: true, goog:chromeOptions: {debuggerAddress: localhost:49859}, networkConnectionEnabled: false, pageLoadStrategy: normal, platformName: windows, proxy: Proxy(), se:cdp: ws://localhost:49859/devtoo..., se:cdpVersion: 116.0.5845.182, setWindowRect: true, strictFileInteractability: false, timeouts: {implicit: 0, pageLoad: 300000, script: 30000}, unhandledPromptBehavior: dismiss and notify, webauthn:extension:credBlob: true, webauthn:extension:largeBlob: true, webauthn:extension:minPinLength: true, webauthn:extension:prf: true, webauthn:virtualAuthenticators: true}\nSession ID: e5cdeec5ee0c8d3c1a3212aaad3cae90","trace":"org.openqa.selenium.InvalidSelectorException: invalid selector: Unable to locate an element with the xpath expression //*[@id=’delete’]/tbody/tr[2]/td[11] because of the following error:\nSyntaxError: Failed to execute 'evaluate' on 'Document': The string '//*[@id=’delete’]/tbody/tr[2]/td[11]' is not a valid XPath expression.\n  (Session info: chrome=116.0.5845.182)\nFor documentation on this error, please visit: https://www.selenium.dev/documentation/webdriver/troubleshooting/errors#invalid-selector-exception\nBuild info: version: '4.10.0', revision: 'c14d967899'\nSystem info: os.name: 'Windows 11', os.arch: 'amd64', os.version: '10.0', java.version: '19.0.2'\nDriver info: org.openqa.selenium.chrome.ChromeDriver\nCommand: [e5cdeec5ee0c8d3c1a3212aaad3cae90, findElement {using=xpath, value=//*[@id=’delete’]/tbody/tr[2]/td[11]}]\nCapabilities {acceptInsecureCerts: false, browserName: chrome, browserVersion: 116.0.5845.182, chrome: {chromedriverVersion: 116.0.5845.96 (1a3918166880..., userDataDir: C:\\Users\\shaun\\AppData\\Loca...}, fedcm:accounts: true, goog:chromeOptions: {debuggerAddress: localhost:49859}, networkConnectionEnabled: false, pageLoadStrategy: normal, platformName: windows, proxy: Proxy(), se:cdp: ws://localhost:49859/devtoo..., se:cdpVersion: 116.0.5845.182, setWindowRect: true, strictFileInteractability: false, timeouts: {implicit: 0, pageLoad: 300000, script: 30000}, unhandledPromptBehavior: dismiss and notify, webauthn:extension:credBlob: true, webauthn:extension:largeBlob: true, webauthn:extension:minPinLength: true, webauthn:extension:prf: true, webauthn:virtualAuthenticators: true}\nSession ID: e5cdeec5ee0c8d3c1a3212aaad3cae90\r\n\tat java.base/jdk.internal.reflect.DirectConstructorHandleAccessor.newInstance(DirectConstructorHandleAccessor.java:67)\r\n\tat java.base/java.lang.reflect.Constructor.newInstanceWithCaller(Constructor.java:500)\r\n\tat java.base/java.lang.reflect.Constructor.newInstance(Constructor.java:484)\r\n\tat org.openqa.selenium.remote.codec.w3c.W3CHttpResponseCodec.createException(W3CHttpResponseCodec.java:199)\r\n\tat org.openqa.selenium.remote.codec.w3c.W3CHttpResponseCodec.decode(W3CHttpResponseCodec.java:132)\r\n\tat org.openqa.selenium.remote.codec.w3c.W3CHttpResponseCodec.decode(W3CHttpResponseCodec.java:51)\r\n\tat org.openqa.selenium.remote.HttpCommandExecutor.execute(HttpCommandExecutor.java:191)\r\n\tat org.openqa.selenium.remote.service.DriverCommandExecutor.invokeExecute(DriverCommandExecutor.java:196)\r\n\tat org.openqa.selenium.remote.service.DriverCommandExecutor.execute(DriverCommandExecutor.java:171)\r\n\tat org.openqa.selenium.remote.RemoteWebDriver.execute(RemoteWebDriver.java:531)\r\n\tat org.openqa.selenium.remote.ElementLocation$ElementFinder$2.findElement(ElementLocation.java:165)\r\n\tat org.openqa.selenium.remote.ElementLocation.findElement(ElementLocation.java:59)\r\n\tat org.openqa.selenium.remote.RemoteWebDriver.findElement(RemoteWebDriver.java:350)\r\n\tat org.openqa.selenium.remote.RemoteWebDriver.findElement(RemoteWebDriver.java:344)\r\n\tat POM_LMS.Class_PageObject.Click_Delete(Class_PageObject.java:651)\r\n\tat StepDefinition_LMS.Class_StepDefinition.admin_is_in_delete_alert(Class_StepDefinition.java:1162)\r\n\tat ✽.Admin is in delete alert(file:///C:/Users/shaun/eclipse-workspace/Team5_CucumberSlicers_LMS/src/test/resources/Features_LMS/ClassFeature/ClassFeature7.feature:46)\r\n"},"stage":"finished","steps":[],"attachments":[],"parameters":[],"start":1694578146766,"stop":1694578146783},{"name":"When  Admin clicks no button","status":"skipped","statusDetails":{"known":false,"muted":false,"flaky":false},"stage":"finished","steps":[],"attachments":[],"parameters":[],"start":1694578146783,"stop":1694578146783},{"name":"Then  Admin should land on manage class page and validate particular classes details are not deleted from the data table from \"Class\" and 1","status":"skipped","statusDetails":{"known":false,"muted":false,"flaky":false},"stage":"finished","steps":[],"attachments":[],"parameters":[],"start":1694578146783,"stop":1694578146783}],"attachments":[],"parameters":[{"name":"SheetName","value":"Class"},{"name":"RowNumber","value":"1"}],"start":1694578146766,"stop":1694578146783}