{"uuid":"e82ae4fb-f3d7-4c6f-a031-70fc4039036b","historyId":"ed85ddfb631f3bc9c6cdc3ec3001b869","fullName":"Add New Class: Validate  admin able to add new class passing past date","labels":[{"name":"host","value":"Shaunenoch"},{"name":"thread","value":"8596@Shaunenoch.main(1)"},{"name":"feature","value":"Add New Class"},{"name":"story","value":"Validate  admin able to add new class passing past date"},{"name":"suite","value":"Add New Class"},{"name":"testClass","value":"Validate  admin able to add new class passing past date"},{"name":"framework","value":"cucumber4jvm"},{"name":"language","value":"java"},{"name":"gherkin_uri","value":"file:///C:/Users/shaun/eclipse-workspace/Team5_CucumberSlicers_LMS/src/test/resources/Features_LMS/ClassFeature/ClassFeature4.feature"},{"name":"package","value":"src.test.resources.Features_LMS.ClassFeature.ClassFeature4_feature.Add New Class"}],"links":[],"name":"Validate  admin able to add new class passing past date","status":"failed","statusDetails":{"known":false,"muted":false,"flaky":false,"message":"expected [https://lms.herokuapp.com/dashboard] but found [https://lms.herokuapp.com/addclass]","trace":"java.lang.AssertionError: expected [https://lms.herokuapp.com/dashboard] but found [https://lms.herokuapp.com/addclass]\r\n\tat org.testng.Assert.fail(Assert.java:110)\r\n\tat org.testng.Assert.failNotEquals(Assert.java:1577)\r\n\tat org.testng.Assert.assertEqualsImpl(Assert.java:149)\r\n\tat org.testng.Assert.assertEquals(Assert.java:131)\r\n\tat org.testng.Assert.assertEquals(Assert.java:655)\r\n\tat org.testng.Assert.assertEquals(Assert.java:665)\r\n\tat StepDefinition_LMS.Class_StepDefinition.admin_is_in_class_detail_popup_window(Class_StepDefinition.java:612)\r\n\tat ✽.Admin is in  class detail popup window(file:///C:/Users/shaun/eclipse-workspace/Team5_CucumberSlicers_LMS/src/test/resources/Features_LMS/ClassFeature/ClassFeature4.feature:76)\r\n"},"stage":"finished","steps":[{"name":"Given  Admin is in  class detail popup window","status":"failed","statusDetails":{"known":false,"muted":false,"flaky":false,"message":"expected [https://lms.herokuapp.com/dashboard] but found [https://lms.herokuapp.com/addclass]","trace":"java.lang.AssertionError: expected [https://lms.herokuapp.com/dashboard] but found [https://lms.herokuapp.com/addclass]\r\n\tat org.testng.Assert.fail(Assert.java:110)\r\n\tat org.testng.Assert.failNotEquals(Assert.java:1577)\r\n\tat org.testng.Assert.assertEqualsImpl(Assert.java:149)\r\n\tat org.testng.Assert.assertEquals(Assert.java:131)\r\n\tat org.testng.Assert.assertEquals(Assert.java:655)\r\n\tat org.testng.Assert.assertEquals(Assert.java:665)\r\n\tat StepDefinition_LMS.Class_StepDefinition.admin_is_in_class_detail_popup_window(Class_StepDefinition.java:612)\r\n\tat ✽.Admin is in  class detail popup window(file:///C:/Users/shaun/eclipse-workspace/Team5_CucumberSlicers_LMS/src/test/resources/Features_LMS/ClassFeature/ClassFeature4.feature:76)\r\n"},"stage":"finished","steps":[],"attachments":[],"parameters":[],"start":1694578034618,"stop":1694578034634},{"name":"When  Admin enters passed date in the class date field and clicks save button ( Batch ID , No of Classes, Class Date, Staff Id)from \"Class\" and 1","status":"skipped","statusDetails":{"known":false,"muted":false,"flaky":false},"stage":"finished","steps":[],"attachments":[],"parameters":[],"start":1694578034634,"stop":1694578034634},{"name":"Then  class cannot be  created for the passed date","status":"skipped","statusDetails":{"known":false,"muted":false,"flaky":false},"stage":"finished","steps":[],"attachments":[],"parameters":[],"start":1694578034634,"stop":1694578034634}],"attachments":[],"parameters":[{"name":"SheetName","value":"Class"},{"name":"RowNumber","value":"1"}],"start":1694578034618,"stop":1694578034634}